{"/workspaces/deapseak/controllers/AuthController.js": {"path":"/workspaces/deapseak/controllers/AuthController.js","statementMap":{"0":{"start":{"line":1,"column":20},"end":{"line":1,"column":54}},"1":{"start":{"line":2,"column":12},"end":{"line":2,"column":38}},"2":{"start":{"line":6,"column":4},"end":{"line":24,"column":5}},"3":{"start":{"line":7,"column":34},"end":{"line":7,"column":42}},"4":{"start":{"line":9,"column":6},"end":{"line":9,"column":55}},"5":{"start":{"line":11,"column":21},"end":{"line":11,"column":68}},"6":{"start":{"line":13,"column":6},"end":{"line":15,"column":7}},"7":{"start":{"line":14,"column":8},"end":{"line":14,"column":61}},"8":{"start":{"line":17,"column":6},"end":{"line":21,"column":9}},"9":{"start":{"line":23,"column":6},"end":{"line":23,"column":16}},"10":{"start":{"line":28,"column":4},"end":{"line":48,"column":5}},"11":{"start":{"line":29,"column":23},"end":{"line":29,"column":31}},"12":{"start":{"line":31,"column":6},"end":{"line":31,"column":81}},"13":{"start":{"line":33,"column":21},"end":{"line":33,"column":55}},"14":{"start":{"line":35,"column":6},"end":{"line":40,"column":7}},"15":{"start":{"line":36,"column":8},"end":{"line":39,"column":11}},"16":{"start":{"line":42,"column":6},"end":{"line":45,"column":9}},"17":{"start":{"line":47,"column":6},"end":{"line":47,"column":16}},"18":{"start":{"line":52,"column":4},"end":{"line":63,"column":5}},"19":{"start":{"line":53,"column":31},"end":{"line":53,"column":39}},"20":{"start":{"line":55,"column":6},"end":{"line":57,"column":7}},"21":{"start":{"line":56,"column":8},"end":{"line":56,"column":73}},"22":{"start":{"line":60,"column":6},"end":{"line":60,"column":61}},"23":{"start":{"line":62,"column":6},"end":{"line":62,"column":16}},"24":{"start":{"line":67,"column":4},"end":{"line":74,"column":5}},"25":{"start":{"line":69,"column":6},"end":{"line":69,"column":60}},"26":{"start":{"line":71,"column":6},"end":{"line":71,"column":55}},"27":{"start":{"line":73,"column":6},"end":{"line":73,"column":16}},"28":{"start":{"line":78,"column":4},"end":{"line":88,"column":5}},"29":{"start":{"line":79,"column":19},"end":{"line":79,"column":58}},"30":{"start":{"line":81,"column":6},"end":{"line":83,"column":7}},"31":{"start":{"line":82,"column":8},"end":{"line":82,"column":65}},"32":{"start":{"line":85,"column":6},"end":{"line":85,"column":21}},"33":{"start":{"line":87,"column":6},"end":{"line":87,"column":16}},"34":{"start":{"line":92,"column":0},"end":{"line":92,"column":38}}},"fnMap":{"0":{"name":"(anonymous_0)","decl":{"start":{"line":5,"column":2},"end":{"line":5,"column":3}},"loc":{"start":{"line":5,"column":30},"end":{"line":25,"column":3}},"line":5},"1":{"name":"(anonymous_1)","decl":{"start":{"line":27,"column":2},"end":{"line":27,"column":3}},"loc":{"start":{"line":27,"column":31},"end":{"line":49,"column":3}},"line":27},"2":{"name":"(anonymous_2)","decl":{"start":{"line":51,"column":2},"end":{"line":51,"column":3}},"loc":{"start":{"line":51,"column":37},"end":{"line":64,"column":3}},"line":51},"3":{"name":"(anonymous_3)","decl":{"start":{"line":66,"column":2},"end":{"line":66,"column":3}},"loc":{"start":{"line":66,"column":31},"end":{"line":75,"column":3}},"line":66},"4":{"name":"(anonymous_4)","decl":{"start":{"line":77,"column":2},"end":{"line":77,"column":3}},"loc":{"start":{"line":77,"column":27},"end":{"line":89,"column":3}},"line":77}},"branchMap":{"0":{"loc":{"start":{"line":13,"column":6},"end":{"line":15,"column":7}},"type":"if","locations":[{"start":{"line":13,"column":6},"end":{"line":15,"column":7}},{"start":{},"end":{}}],"line":13},"1":{"loc":{"start":{"line":35,"column":6},"end":{"line":40,"column":7}},"type":"if","locations":[{"start":{"line":35,"column":6},"end":{"line":40,"column":7}},{"start":{},"end":{}}],"line":35},"2":{"loc":{"start":{"line":55,"column":6},"end":{"line":57,"column":7}},"type":"if","locations":[{"start":{"line":55,"column":6},"end":{"line":57,"column":7}},{"start":{},"end":{}}],"line":55},"3":{"loc":{"start":{"line":81,"column":6},"end":{"line":83,"column":7}},"type":"if","locations":[{"start":{"line":81,"column":6},"end":{"line":83,"column":7}},{"start":{},"end":{}}],"line":81}},"s":{"0":0,"1":0,"2":0,"3":0,"4":0,"5":0,"6":0,"7":0,"8":0,"9":0,"10":0,"11":0,"12":0,"13":0,"14":0,"15":0,"16":0,"17":0,"18":0,"19":0,"20":0,"21":0,"22":0,"23":0,"24":0,"25":0,"26":0,"27":0,"28":0,"29":0,"30":0,"31":0,"32":0,"33":0,"34":0},"f":{"0":0,"1":0,"2":0,"3":0,"4":0},"b":{"0":[0,0],"1":[0,0],"2":[0,0],"3":[0,0]}}
,"/workspaces/deapseak/controllers/LiftController.js": {"path":"/workspaces/deapseak/controllers/LiftController.js","statementMap":{"0":{"start":{"line":1,"column":20},"end":{"line":1,"column":54}},"1":{"start":{"line":2,"column":12},"end":{"line":2,"column":38}},"2":{"start":{"line":6,"column":4},"end":{"line":20,"column":5}},"3":{"start":{"line":7,"column":55},"end":{"line":7,"column":64}},"4":{"start":{"line":9,"column":21},"end":{"line":15,"column":8}},"5":{"start":{"line":17,"column":6},"end":{"line":17,"column":23}},"6":{"start":{"line":19,"column":6},"end":{"line":19,"column":16}},"7":{"start":{"line":24,"column":4},"end":{"line":36,"column":5}},"8":{"start":{"line":25,"column":21},"end":{"line":25,"column":31}},"9":{"start":{"line":27,"column":19},"end":{"line":27,"column":49}},"10":{"start":{"line":29,"column":6},"end":{"line":31,"column":7}},"11":{"start":{"line":30,"column":8},"end":{"line":30,"column":65}},"12":{"start":{"line":33,"column":6},"end":{"line":33,"column":21}},"13":{"start":{"line":35,"column":6},"end":{"line":35,"column":16}},"14":{"start":{"line":40,"column":4},"end":{"line":61,"column":5}},"15":{"start":{"line":41,"column":6},"end":{"line":44,"column":9}},"16":{"start":{"line":46,"column":21},"end":{"line":46,"column":55}},"17":{"start":{"line":48,"column":6},"end":{"line":53,"column":7}},"18":{"start":{"line":49,"column":8},"end":{"line":52,"column":11}},"19":{"start":{"line":55,"column":6},"end":{"line":58,"column":9}},"20":{"start":{"line":60,"column":6},"end":{"line":60,"column":16}},"21":{"start":{"line":65,"column":4},"end":{"line":82,"column":5}},"22":{"start":{"line":66,"column":21},"end":{"line":66,"column":31}},"23":{"start":{"line":68,"column":6},"end":{"line":68,"column":72}},"24":{"start":{"line":70,"column":21},"end":{"line":70,"column":59}},"25":{"start":{"line":72,"column":6},"end":{"line":77,"column":7}},"26":{"start":{"line":73,"column":8},"end":{"line":76,"column":11}},"27":{"start":{"line":79,"column":6},"end":{"line":79,"column":57}},"28":{"start":{"line":81,"column":6},"end":{"line":81,"column":16}},"29":{"start":{"line":86,"column":4},"end":{"line":100,"column":5}},"30":{"start":{"line":87,"column":21},"end":{"line":87,"column":31}},"31":{"start":{"line":89,"column":6},"end":{"line":89,"column":72}},"32":{"start":{"line":91,"column":21},"end":{"line":91,"column":49}},"33":{"start":{"line":93,"column":6},"end":{"line":95,"column":7}},"34":{"start":{"line":94,"column":8},"end":{"line":94,"column":61}},"35":{"start":{"line":97,"column":6},"end":{"line":97,"column":57}},"36":{"start":{"line":99,"column":6},"end":{"line":99,"column":16}},"37":{"start":{"line":104,"column":4},"end":{"line":121,"column":5}},"38":{"start":{"line":105,"column":21},"end":{"line":105,"column":31}},"39":{"start":{"line":107,"column":6},"end":{"line":107,"column":79}},"40":{"start":{"line":109,"column":21},"end":{"line":109,"column":57}},"41":{"start":{"line":111,"column":6},"end":{"line":113,"column":7}},"42":{"start":{"line":112,"column":8},"end":{"line":112,"column":61}},"43":{"start":{"line":115,"column":6},"end":{"line":118,"column":9}},"44":{"start":{"line":120,"column":6},"end":{"line":120,"column":16}},"45":{"start":{"line":125,"column":4},"end":{"line":130,"column":5}},"46":{"start":{"line":126,"column":20},"end":{"line":126,"column":48}},"47":{"start":{"line":127,"column":6},"end":{"line":127,"column":22}},"48":{"start":{"line":129,"column":6},"end":{"line":129,"column":16}},"49":{"start":{"line":134,"column":0},"end":{"line":134,"column":38}}},"fnMap":{"0":{"name":"(anonymous_0)","decl":{"start":{"line":5,"column":2},"end":{"line":5,"column":3}},"loc":{"start":{"line":5,"column":31},"end":{"line":21,"column":3}},"line":5},"1":{"name":"(anonymous_1)","decl":{"start":{"line":23,"column":2},"end":{"line":23,"column":3}},"loc":{"start":{"line":23,"column":32},"end":{"line":37,"column":3}},"line":23},"2":{"name":"(anonymous_2)","decl":{"start":{"line":39,"column":2},"end":{"line":39,"column":3}},"loc":{"start":{"line":39,"column":31},"end":{"line":62,"column":3}},"line":39},"3":{"name":"(anonymous_3)","decl":{"start":{"line":64,"column":2},"end":{"line":64,"column":3}},"loc":{"start":{"line":64,"column":31},"end":{"line":83,"column":3}},"line":64},"4":{"name":"(anonymous_4)","decl":{"start":{"line":85,"column":2},"end":{"line":85,"column":3}},"loc":{"start":{"line":85,"column":31},"end":{"line":101,"column":3}},"line":85},"5":{"name":"(anonymous_5)","decl":{"start":{"line":103,"column":2},"end":{"line":103,"column":3}},"loc":{"start":{"line":103,"column":35},"end":{"line":122,"column":3}},"line":103},"6":{"name":"(anonymous_6)","decl":{"start":{"line":124,"column":2},"end":{"line":124,"column":3}},"loc":{"start":{"line":124,"column":33},"end":{"line":131,"column":3}},"line":124}},"branchMap":{"0":{"loc":{"start":{"line":10,"column":14},"end":{"line":10,"column":33}},"type":"binary-expr","locations":[{"start":{"line":10,"column":14},"end":{"line":10,"column":28}},{"start":{"line":10,"column":32},"end":{"line":10,"column":33}}],"line":10},"1":{"loc":{"start":{"line":11,"column":15},"end":{"line":11,"column":36}},"type":"binary-expr","locations":[{"start":{"line":11,"column":15},"end":{"line":11,"column":30}},{"start":{"line":11,"column":34},"end":{"line":11,"column":36}}],"line":11},"2":{"loc":{"start":{"line":29,"column":6},"end":{"line":31,"column":7}},"type":"if","locations":[{"start":{"line":29,"column":6},"end":{"line":31,"column":7}},{"start":{},"end":{}}],"line":29},"3":{"loc":{"start":{"line":48,"column":6},"end":{"line":53,"column":7}},"type":"if","locations":[{"start":{"line":48,"column":6},"end":{"line":53,"column":7}},{"start":{},"end":{}}],"line":48},"4":{"loc":{"start":{"line":72,"column":6},"end":{"line":77,"column":7}},"type":"if","locations":[{"start":{"line":72,"column":6},"end":{"line":77,"column":7}},{"start":{},"end":{}}],"line":72},"5":{"loc":{"start":{"line":93,"column":6},"end":{"line":95,"column":7}},"type":"if","locations":[{"start":{"line":93,"column":6},"end":{"line":95,"column":7}},{"start":{},"end":{}}],"line":93},"6":{"loc":{"start":{"line":111,"column":6},"end":{"line":113,"column":7}},"type":"if","locations":[{"start":{"line":111,"column":6},"end":{"line":113,"column":7}},{"start":{},"end":{}}],"line":111}},"s":{"0":0,"1":0,"2":0,"3":0,"4":0,"5":0,"6":0,"7":0,"8":0,"9":0,"10":0,"11":0,"12":0,"13":0,"14":0,"15":0,"16":0,"17":0,"18":0,"19":0,"20":0,"21":0,"22":0,"23":0,"24":0,"25":0,"26":0,"27":0,"28":0,"29":0,"30":0,"31":0,"32":0,"33":0,"34":0,"35":0,"36":0,"37":0,"38":0,"39":0,"40":0,"41":0,"42":0,"43":0,"44":0,"45":0,"46":0,"47":0,"48":0,"49":0},"f":{"0":0,"1":0,"2":0,"3":0,"4":0,"5":0,"6":0},"b":{"0":[0,0],"1":[0,0],"2":[0,0],"3":[0,0],"4":[0,0],"5":[0,0],"6":[0,0]}}
,"/workspaces/deapseak/controllers/RequestController.js": {"path":"/workspaces/deapseak/controllers/RequestController.js","statementMap":{"0":{"start":{"line":1,"column":23},"end":{"line":1,"column":60}},"1":{"start":{"line":2,"column":12},"end":{"line":2,"column":38}},"2":{"start":{"line":6,"column":4},"end":{"line":32,"column":5}},"3":{"start":{"line":7,"column":62},"end":{"line":7,"column":71}},"4":{"start":{"line":10,"column":21},"end":{"line":17,"column":7}},"5":{"start":{"line":19,"column":6},"end":{"line":21,"column":7}},"6":{"start":{"line":20,"column":8},"end":{"line":20,"column":39}},"7":{"start":{"line":23,"column":6},"end":{"line":25,"column":7}},"8":{"start":{"line":24,"column":8},"end":{"line":24,"column":40}},"9":{"start":{"line":27,"column":21},"end":{"line":27,"column":57}},"10":{"start":{"line":29,"column":6},"end":{"line":29,"column":23}},"11":{"start":{"line":31,"column":6},"end":{"line":31,"column":16}},"12":{"start":{"line":36,"column":4},"end":{"line":57,"column":5}},"13":{"start":{"line":37,"column":21},"end":{"line":37,"column":31}},"14":{"start":{"line":39,"column":22},"end":{"line":39,"column":55}},"15":{"start":{"line":41,"column":6},"end":{"line":43,"column":7}},"16":{"start":{"line":42,"column":8},"end":{"line":42,"column":68}},"17":{"start":{"line":46,"column":6},"end":{"line":48,"column":7}},"18":{"start":{"line":47,"column":8},"end":{"line":47,"column":64}},"19":{"start":{"line":50,"column":6},"end":{"line":52,"column":7}},"20":{"start":{"line":51,"column":8},"end":{"line":51,"column":64}},"21":{"start":{"line":54,"column":6},"end":{"line":54,"column":24}},"22":{"start":{"line":56,"column":6},"end":{"line":56,"column":16}},"23":{"start":{"line":61,"column":4},"end":{"line":87,"column":5}},"24":{"start":{"line":62,"column":6},"end":{"line":65,"column":9}},"25":{"start":{"line":67,"column":26},"end":{"line":70,"column":7}},"26":{"start":{"line":72,"column":21},"end":{"line":72,"column":61}},"27":{"start":{"line":74,"column":6},"end":{"line":79,"column":7}},"28":{"start":{"line":75,"column":8},"end":{"line":78,"column":11}},"29":{"start":{"line":81,"column":6},"end":{"line":84,"column":9}},"30":{"start":{"line":86,"column":6},"end":{"line":86,"column":16}},"31":{"start":{"line":91,"column":4},"end":{"line":113,"column":5}},"32":{"start":{"line":92,"column":21},"end":{"line":92,"column":31}},"33":{"start":{"line":93,"column":34},"end":{"line":93,"column":42}},"34":{"start":{"line":95,"column":6},"end":{"line":99,"column":9}},"35":{"start":{"line":101,"column":21},"end":{"line":104,"column":8}},"36":{"start":{"line":106,"column":6},"end":{"line":108,"column":7}},"37":{"start":{"line":107,"column":8},"end":{"line":107,"column":61}},"38":{"start":{"line":110,"column":6},"end":{"line":110,"column":67}},"39":{"start":{"line":112,"column":6},"end":{"line":112,"column":16}},"40":{"start":{"line":117,"column":4},"end":{"line":140,"column":5}},"41":{"start":{"line":118,"column":21},"end":{"line":118,"column":31}},"42":{"start":{"line":119,"column":31},"end":{"line":119,"column":39}},"43":{"start":{"line":121,"column":6},"end":{"line":123,"column":7}},"44":{"start":{"line":122,"column":8},"end":{"line":122,"column":76}},"45":{"start":{"line":125,"column":6},"end":{"line":129,"column":9}},"46":{"start":{"line":131,"column":21},"end":{"line":131,"column":89}},"47":{"start":{"line":133,"column":6},"end":{"line":135,"column":7}},"48":{"start":{"line":134,"column":8},"end":{"line":134,"column":61}},"49":{"start":{"line":137,"column":6},"end":{"line":137,"column":61}},"50":{"start":{"line":139,"column":6},"end":{"line":139,"column":16}},"51":{"start":{"line":144,"column":4},"end":{"line":166,"column":5}},"52":{"start":{"line":145,"column":21},"end":{"line":145,"column":31}},"53":{"start":{"line":146,"column":26},"end":{"line":146,"column":34}},"54":{"start":{"line":148,"column":6},"end":{"line":150,"column":7}},"55":{"start":{"line":149,"column":8},"end":{"line":149,"column":70}},"56":{"start":{"line":152,"column":23},"end":{"line":155,"column":7}},"57":{"start":{"line":157,"column":21},"end":{"line":157,"column":63}},"58":{"start":{"line":159,"column":6},"end":{"line":161,"column":7}},"59":{"start":{"line":160,"column":8},"end":{"line":160,"column":61}},"60":{"start":{"line":163,"column":6},"end":{"line":163,"column":55}},"61":{"start":{"line":165,"column":6},"end":{"line":165,"column":16}},"62":{"start":{"line":170,"column":4},"end":{"line":189,"column":5}},"63":{"start":{"line":171,"column":39},"end":{"line":171,"column":48}},"64":{"start":{"line":174,"column":21},"end":{"line":174,"column":23}},"65":{"start":{"line":175,"column":6},"end":{"line":179,"column":7}},"66":{"start":{"line":176,"column":8},"end":{"line":176,"column":42}},"67":{"start":{"line":177,"column":13},"end":{"line":179,"column":7}},"68":{"start":{"line":178,"column":8},"end":{"line":178,"column":43}},"69":{"start":{"line":181,"column":6},"end":{"line":183,"column":7}},"70":{"start":{"line":182,"column":8},"end":{"line":182,"column":31}},"71":{"start":{"line":185,"column":20},"end":{"line":185,"column":57}},"72":{"start":{"line":186,"column":6},"end":{"line":186,"column":22}},"73":{"start":{"line":188,"column":6},"end":{"line":188,"column":16}},"74":{"start":{"line":193,"column":0},"end":{"line":193,"column":41}}},"fnMap":{"0":{"name":"(anonymous_0)","decl":{"start":{"line":5,"column":2},"end":{"line":5,"column":3}},"loc":{"start":{"line":5,"column":31},"end":{"line":33,"column":3}},"line":5},"1":{"name":"(anonymous_1)","decl":{"start":{"line":35,"column":2},"end":{"line":35,"column":3}},"loc":{"start":{"line":35,"column":32},"end":{"line":58,"column":3}},"line":35},"2":{"name":"(anonymous_2)","decl":{"start":{"line":60,"column":2},"end":{"line":60,"column":3}},"loc":{"start":{"line":60,"column":31},"end":{"line":88,"column":3}},"line":60},"3":{"name":"(anonymous_3)","decl":{"start":{"line":90,"column":2},"end":{"line":90,"column":3}},"loc":{"start":{"line":90,"column":37},"end":{"line":114,"column":3}},"line":90},"4":{"name":"(anonymous_4)","decl":{"start":{"line":116,"column":2},"end":{"line":116,"column":3}},"loc":{"start":{"line":116,"column":31},"end":{"line":141,"column":3}},"line":116},"5":{"name":"(anonymous_5)","decl":{"start":{"line":143,"column":2},"end":{"line":143,"column":3}},"loc":{"start":{"line":143,"column":32},"end":{"line":167,"column":3}},"line":143},"6":{"name":"(anonymous_6)","decl":{"start":{"line":169,"column":2},"end":{"line":169,"column":3}},"loc":{"start":{"line":169,"column":33},"end":{"line":190,"column":3}},"line":169}},"branchMap":{"0":{"loc":{"start":{"line":11,"column":14},"end":{"line":11,"column":33}},"type":"binary-expr","locations":[{"start":{"line":11,"column":14},"end":{"line":11,"column":28}},{"start":{"line":11,"column":32},"end":{"line":11,"column":33}}],"line":11},"1":{"loc":{"start":{"line":12,"column":15},"end":{"line":12,"column":36}},"type":"binary-expr","locations":[{"start":{"line":12,"column":15},"end":{"line":12,"column":30}},{"start":{"line":12,"column":34},"end":{"line":12,"column":36}}],"line":12},"2":{"loc":{"start":{"line":19,"column":6},"end":{"line":21,"column":7}},"type":"if","locations":[{"start":{"line":19,"column":6},"end":{"line":21,"column":7}},{"start":{},"end":{}}],"line":19},"3":{"loc":{"start":{"line":23,"column":6},"end":{"line":25,"column":7}},"type":"if","locations":[{"start":{"line":23,"column":6},"end":{"line":25,"column":7}},{"start":{},"end":{}}],"line":23},"4":{"loc":{"start":{"line":41,"column":6},"end":{"line":43,"column":7}},"type":"if","locations":[{"start":{"line":41,"column":6},"end":{"line":43,"column":7}},{"start":{},"end":{}}],"line":41},"5":{"loc":{"start":{"line":46,"column":6},"end":{"line":48,"column":7}},"type":"if","locations":[{"start":{"line":46,"column":6},"end":{"line":48,"column":7}},{"start":{},"end":{}}],"line":46},"6":{"loc":{"start":{"line":46,"column":10},"end":{"line":46,"column":73}},"type":"binary-expr","locations":[{"start":{"line":46,"column":10},"end":{"line":46,"column":36}},{"start":{"line":46,"column":40},"end":{"line":46,"column":73}}],"line":46},"7":{"loc":{"start":{"line":50,"column":6},"end":{"line":52,"column":7}},"type":"if","locations":[{"start":{"line":50,"column":6},"end":{"line":52,"column":7}},{"start":{},"end":{}}],"line":50},"8":{"loc":{"start":{"line":50,"column":10},"end":{"line":50,"column":78}},"type":"binary-expr","locations":[{"start":{"line":50,"column":10},"end":{"line":50,"column":40}},{"start":{"line":50,"column":44},"end":{"line":50,"column":78}}],"line":50},"9":{"loc":{"start":{"line":74,"column":6},"end":{"line":79,"column":7}},"type":"if","locations":[{"start":{"line":74,"column":6},"end":{"line":79,"column":7}},{"start":{},"end":{}}],"line":74},"10":{"loc":{"start":{"line":106,"column":6},"end":{"line":108,"column":7}},"type":"if","locations":[{"start":{"line":106,"column":6},"end":{"line":108,"column":7}},{"start":{},"end":{}}],"line":106},"11":{"loc":{"start":{"line":121,"column":6},"end":{"line":123,"column":7}},"type":"if","locations":[{"start":{"line":121,"column":6},"end":{"line":123,"column":7}},{"start":{},"end":{}}],"line":121},"12":{"loc":{"start":{"line":133,"column":6},"end":{"line":135,"column":7}},"type":"if","locations":[{"start":{"line":133,"column":6},"end":{"line":135,"column":7}},{"start":{},"end":{}}],"line":133},"13":{"loc":{"start":{"line":148,"column":6},"end":{"line":150,"column":7}},"type":"if","locations":[{"start":{"line":148,"column":6},"end":{"line":150,"column":7}},{"start":{},"end":{}}],"line":148},"14":{"loc":{"start":{"line":159,"column":6},"end":{"line":161,"column":7}},"type":"if","locations":[{"start":{"line":159,"column":6},"end":{"line":161,"column":7}},{"start":{},"end":{}}],"line":159},"15":{"loc":{"start":{"line":175,"column":6},"end":{"line":179,"column":7}},"type":"if","locations":[{"start":{"line":175,"column":6},"end":{"line":179,"column":7}},{"start":{"line":177,"column":13},"end":{"line":179,"column":7}}],"line":175},"16":{"loc":{"start":{"line":177,"column":13},"end":{"line":179,"column":7}},"type":"if","locations":[{"start":{"line":177,"column":13},"end":{"line":179,"column":7}},{"start":{},"end":{}}],"line":177},"17":{"loc":{"start":{"line":181,"column":6},"end":{"line":183,"column":7}},"type":"if","locations":[{"start":{"line":181,"column":6},"end":{"line":183,"column":7}},{"start":{},"end":{}}],"line":181}},"s":{"0":0,"1":0,"2":0,"3":0,"4":0,"5":0,"6":0,"7":0,"8":0,"9":0,"10":0,"11":0,"12":0,"13":0,"14":0,"15":0,"16":0,"17":0,"18":0,"19":0,"20":0,"21":0,"22":0,"23":0,"24":0,"25":0,"26":0,"27":0,"28":0,"29":0,"30":0,"31":0,"32":0,"33":0,"34":0,"35":0,"36":0,"37":0,"38":0,"39":0,"40":0,"41":0,"42":0,"43":0,"44":0,"45":0,"46":0,"47":0,"48":0,"49":0,"50":0,"51":0,"52":0,"53":0,"54":0,"55":0,"56":0,"57":0,"58":0,"59":0,"60":0,"61":0,"62":0,"63":0,"64":0,"65":0,"66":0,"67":0,"68":0,"69":0,"70":0,"71":0,"72":0,"73":0,"74":0},"f":{"0":0,"1":0,"2":0,"3":0,"4":0,"5":0,"6":0},"b":{"0":[0,0],"1":[0,0],"2":[0,0],"3":[0,0],"4":[0,0],"5":[0,0],"6":[0,0],"7":[0,0],"8":[0,0],"9":[0,0],"10":[0,0],"11":[0,0],"12":[0,0],"13":[0,0],"14":[0,0],"15":[0,0],"16":[0,0],"17":[0,0]}}
,"/workspaces/deapseak/controllers/UserController.js": {"path":"/workspaces/deapseak/controllers/UserController.js","statementMap":{"0":{"start":{"line":1,"column":20},"end":{"line":1,"column":54}},"1":{"start":{"line":2,"column":12},"end":{"line":2,"column":38}},"2":{"start":{"line":6,"column":4},"end":{"line":19,"column":5}},"3":{"start":{"line":7,"column":44},"end":{"line":7,"column":53}},"4":{"start":{"line":9,"column":21},"end":{"line":14,"column":8}},"5":{"start":{"line":16,"column":6},"end":{"line":16,"column":23}},"6":{"start":{"line":18,"column":6},"end":{"line":18,"column":16}},"7":{"start":{"line":23,"column":4},"end":{"line":40,"column":5}},"8":{"start":{"line":24,"column":21},"end":{"line":24,"column":31}},"9":{"start":{"line":27,"column":6},"end":{"line":29,"column":7}},"10":{"start":{"line":28,"column":8},"end":{"line":28,"column":64}},"11":{"start":{"line":31,"column":19},"end":{"line":31,"column":49}},"12":{"start":{"line":33,"column":6},"end":{"line":35,"column":7}},"13":{"start":{"line":34,"column":8},"end":{"line":34,"column":65}},"14":{"start":{"line":37,"column":6},"end":{"line":37,"column":21}},"15":{"start":{"line":39,"column":6},"end":{"line":39,"column":16}},"16":{"start":{"line":44,"column":4},"end":{"line":64,"column":5}},"17":{"start":{"line":45,"column":21},"end":{"line":45,"column":31}},"18":{"start":{"line":48,"column":6},"end":{"line":50,"column":7}},"19":{"start":{"line":49,"column":8},"end":{"line":49,"column":64}},"20":{"start":{"line":52,"column":21},"end":{"line":52,"column":59}},"21":{"start":{"line":54,"column":6},"end":{"line":59,"column":7}},"22":{"start":{"line":55,"column":8},"end":{"line":58,"column":11}},"23":{"start":{"line":61,"column":6},"end":{"line":61,"column":57}},"24":{"start":{"line":63,"column":6},"end":{"line":63,"column":16}},"25":{"start":{"line":68,"column":4},"end":{"line":80,"column":5}},"26":{"start":{"line":69,"column":21},"end":{"line":69,"column":31}},"27":{"start":{"line":71,"column":21},"end":{"line":71,"column":49}},"28":{"start":{"line":73,"column":6},"end":{"line":75,"column":7}},"29":{"start":{"line":74,"column":8},"end":{"line":74,"column":61}},"30":{"start":{"line":77,"column":6},"end":{"line":77,"column":57}},"31":{"start":{"line":79,"column":6},"end":{"line":79,"column":16}},"32":{"start":{"line":84,"column":0},"end":{"line":84,"column":38}}},"fnMap":{"0":{"name":"(anonymous_0)","decl":{"start":{"line":5,"column":2},"end":{"line":5,"column":3}},"loc":{"start":{"line":5,"column":31},"end":{"line":20,"column":3}},"line":5},"1":{"name":"(anonymous_1)","decl":{"start":{"line":22,"column":2},"end":{"line":22,"column":3}},"loc":{"start":{"line":22,"column":32},"end":{"line":41,"column":3}},"line":22},"2":{"name":"(anonymous_2)","decl":{"start":{"line":43,"column":2},"end":{"line":43,"column":3}},"loc":{"start":{"line":43,"column":31},"end":{"line":65,"column":3}},"line":43},"3":{"name":"(anonymous_3)","decl":{"start":{"line":67,"column":2},"end":{"line":67,"column":3}},"loc":{"start":{"line":67,"column":31},"end":{"line":81,"column":3}},"line":67}},"branchMap":{"0":{"loc":{"start":{"line":10,"column":14},"end":{"line":10,"column":33}},"type":"binary-expr","locations":[{"start":{"line":10,"column":14},"end":{"line":10,"column":28}},{"start":{"line":10,"column":32},"end":{"line":10,"column":33}}],"line":10},"1":{"loc":{"start":{"line":11,"column":15},"end":{"line":11,"column":36}},"type":"binary-expr","locations":[{"start":{"line":11,"column":15},"end":{"line":11,"column":30}},{"start":{"line":11,"column":34},"end":{"line":11,"column":36}}],"line":11},"2":{"loc":{"start":{"line":27,"column":6},"end":{"line":29,"column":7}},"type":"if","locations":[{"start":{"line":27,"column":6},"end":{"line":29,"column":7}},{"start":{},"end":{}}],"line":27},"3":{"loc":{"start":{"line":27,"column":10},"end":{"line":27,"column":80}},"type":"binary-expr","locations":[{"start":{"line":27,"column":10},"end":{"line":27,"column":28}},{"start":{"line":27,"column":32},"end":{"line":27,"column":80}}],"line":27},"4":{"loc":{"start":{"line":33,"column":6},"end":{"line":35,"column":7}},"type":"if","locations":[{"start":{"line":33,"column":6},"end":{"line":35,"column":7}},{"start":{},"end":{}}],"line":33},"5":{"loc":{"start":{"line":48,"column":6},"end":{"line":50,"column":7}},"type":"if","locations":[{"start":{"line":48,"column":6},"end":{"line":50,"column":7}},{"start":{},"end":{}}],"line":48},"6":{"loc":{"start":{"line":48,"column":10},"end":{"line":48,"column":57}},"type":"binary-expr","locations":[{"start":{"line":48,"column":10},"end":{"line":48,"column":28}},{"start":{"line":48,"column":32},"end":{"line":48,"column":57}}],"line":48},"7":{"loc":{"start":{"line":54,"column":6},"end":{"line":59,"column":7}},"type":"if","locations":[{"start":{"line":54,"column":6},"end":{"line":59,"column":7}},{"start":{},"end":{}}],"line":54},"8":{"loc":{"start":{"line":73,"column":6},"end":{"line":75,"column":7}},"type":"if","locations":[{"start":{"line":73,"column":6},"end":{"line":75,"column":7}},{"start":{},"end":{}}],"line":73}},"s":{"0":0,"1":0,"2":0,"3":0,"4":0,"5":0,"6":0,"7":0,"8":0,"9":0,"10":0,"11":0,"12":0,"13":0,"14":0,"15":0,"16":0,"17":0,"18":0,"19":0,"20":0,"21":0,"22":0,"23":0,"24":0,"25":0,"26":0,"27":0,"28":0,"29":0,"30":0,"31":0,"32":0},"f":{"0":0,"1":0,"2":0,"3":0},"b":{"0":[0,0],"1":[0,0],"2":[0,0],"3":[0,0],"4":[0,0],"5":[0,0],"6":[0,0],"7":[0,0],"8":[0,0]}}
,"/workspaces/deapseak/middleware/auth.js": {"path":"/workspaces/deapseak/middleware/auth.js","statementMap":{"0":{"start":{"line":1,"column":12},"end":{"line":1,"column":35}},"1":{"start":{"line":2,"column":12},"end":{"line":2,"column":38}},"2":{"start":{"line":7,"column":24},"end":{"line":51,"column":1}},"3":{"start":{"line":8,"column":2},"end":{"line":50,"column":3}},"4":{"start":{"line":9,"column":23},"end":{"line":9,"column":48}},"5":{"start":{"line":11,"column":4},"end":{"line":19,"column":5}},"6":{"start":{"line":12,"column":6},"end":{"line":15,"column":9}},"7":{"start":{"line":16,"column":6},"end":{"line":18,"column":9}},"8":{"start":{"line":21,"column":18},"end":{"line":21,"column":42}},"9":{"start":{"line":23,"column":4},"end":{"line":31,"column":5}},"10":{"start":{"line":24,"column":6},"end":{"line":27,"column":9}},"11":{"start":{"line":28,"column":6},"end":{"line":30,"column":9}},"12":{"start":{"line":33,"column":20},"end":{"line":33,"column":61}},"13":{"start":{"line":34,"column":4},"end":{"line":34,"column":23}},"14":{"start":{"line":36,"column":4},"end":{"line":39,"column":7}},"15":{"start":{"line":41,"column":4},"end":{"line":41,"column":11}},"16":{"start":{"line":43,"column":4},"end":{"line":46,"column":7}},"17":{"start":{"line":47,"column":4},"end":{"line":49,"column":7}},"18":{"start":{"line":56,"column":23},"end":{"line":86,"column":1}},"19":{"start":{"line":57,"column":2},"end":{"line":85,"column":4}},"20":{"start":{"line":58,"column":4},"end":{"line":66,"column":5}},"21":{"start":{"line":59,"column":6},"end":{"line":62,"column":9}},"22":{"start":{"line":63,"column":6},"end":{"line":65,"column":9}},"23":{"start":{"line":68,"column":4},"end":{"line":77,"column":5}},"24":{"start":{"line":69,"column":6},"end":{"line":73,"column":9}},"25":{"start":{"line":74,"column":6},"end":{"line":76,"column":9}},"26":{"start":{"line":79,"column":4},"end":{"line":82,"column":7}},"27":{"start":{"line":84,"column":4},"end":{"line":84,"column":11}},"28":{"start":{"line":91,"column":21},"end":{"line":107,"column":1}},"29":{"start":{"line":92,"column":2},"end":{"line":104,"column":3}},"30":{"start":{"line":93,"column":23},"end":{"line":93,"column":48}},"31":{"start":{"line":95,"column":4},"end":{"line":101,"column":5}},"32":{"start":{"line":96,"column":20},"end":{"line":96,"column":44}},"33":{"start":{"line":97,"column":6},"end":{"line":100,"column":7}},"34":{"start":{"line":98,"column":24},"end":{"line":98,"column":65}},"35":{"start":{"line":99,"column":8},"end":{"line":99,"column":27}},"36":{"start":{"line":106,"column":2},"end":{"line":106,"column":9}},"37":{"start":{"line":109,"column":0},"end":{"line":113,"column":2}}},"fnMap":{"0":{"name":"(anonymous_0)","decl":{"start":{"line":7,"column":24},"end":{"line":7,"column":25}},"loc":{"start":{"line":7,"column":44},"end":{"line":51,"column":1}},"line":7},"1":{"name":"(anonymous_1)","decl":{"start":{"line":56,"column":23},"end":{"line":56,"column":24}},"loc":{"start":{"line":56,"column":37},"end":{"line":86,"column":1}},"line":56},"2":{"name":"(anonymous_2)","decl":{"start":{"line":57,"column":9},"end":{"line":57,"column":10}},"loc":{"start":{"line":57,"column":29},"end":{"line":85,"column":3}},"line":57},"3":{"name":"(anonymous_3)","decl":{"start":{"line":91,"column":21},"end":{"line":91,"column":22}},"loc":{"start":{"line":91,"column":41},"end":{"line":107,"column":1}},"line":91}},"branchMap":{"0":{"loc":{"start":{"line":11,"column":4},"end":{"line":19,"column":5}},"type":"if","locations":[{"start":{"line":11,"column":4},"end":{"line":19,"column":5}},{"start":{},"end":{}}],"line":11},"1":{"loc":{"start":{"line":23,"column":4},"end":{"line":31,"column":5}},"type":"if","locations":[{"start":{"line":23,"column":4},"end":{"line":31,"column":5}},{"start":{},"end":{}}],"line":23},"2":{"loc":{"start":{"line":58,"column":4},"end":{"line":66,"column":5}},"type":"if","locations":[{"start":{"line":58,"column":4},"end":{"line":66,"column":5}},{"start":{},"end":{}}],"line":58},"3":{"loc":{"start":{"line":68,"column":4},"end":{"line":77,"column":5}},"type":"if","locations":[{"start":{"line":68,"column":4},"end":{"line":77,"column":5}},{"start":{},"end":{}}],"line":68},"4":{"loc":{"start":{"line":95,"column":4},"end":{"line":101,"column":5}},"type":"if","locations":[{"start":{"line":95,"column":4},"end":{"line":101,"column":5}},{"start":{},"end":{}}],"line":95},"5":{"loc":{"start":{"line":97,"column":6},"end":{"line":100,"column":7}},"type":"if","locations":[{"start":{"line":97,"column":6},"end":{"line":100,"column":7}},{"start":{},"end":{}}],"line":97}},"s":{"0":0,"1":0,"2":0,"3":0,"4":0,"5":0,"6":0,"7":0,"8":0,"9":0,"10":0,"11":0,"12":0,"13":0,"14":0,"15":0,"16":0,"17":0,"18":0,"19":0,"20":0,"21":0,"22":0,"23":0,"24":0,"25":0,"26":0,"27":0,"28":0,"29":0,"30":0,"31":0,"32":0,"33":0,"34":0,"35":0,"36":0,"37":0},"f":{"0":0,"1":0,"2":0,"3":0},"b":{"0":[0,0],"1":[0,0],"2":[0,0],"3":[0,0],"4":[0,0],"5":[0,0]}}
,"/workspaces/deapseak/middleware/auth.middleware.js": {"path":"/workspaces/deapseak/middleware/auth.middleware.js","statementMap":{"0":{"start":{"line":1,"column":12},"end":{"line":1,"column":35}},"1":{"start":{"line":2,"column":19},"end":{"line":2,"column":62}},"2":{"start":{"line":4,"column":26},"end":{"line":19,"column":1}},"3":{"start":{"line":5,"column":21},"end":{"line":5,"column":49}},"4":{"start":{"line":6,"column":16},"end":{"line":6,"column":54}},"5":{"start":{"line":8,"column":2},"end":{"line":10,"column":3}},"6":{"start":{"line":9,"column":4},"end":{"line":9,"column":65}},"7":{"start":{"line":12,"column":2},"end":{"line":18,"column":3}},"8":{"start":{"line":13,"column":20},"end":{"line":13,"column":49}},"9":{"start":{"line":14,"column":4},"end":{"line":14,"column":23}},"10":{"start":{"line":15,"column":4},"end":{"line":15,"column":11}},"11":{"start":{"line":17,"column":4},"end":{"line":17,"column":62}},"12":{"start":{"line":21,"column":0},"end":{"line":21,"column":39}}},"fnMap":{"0":{"name":"(anonymous_0)","decl":{"start":{"line":4,"column":26},"end":{"line":4,"column":27}},"loc":{"start":{"line":4,"column":46},"end":{"line":19,"column":1}},"line":4}},"branchMap":{"0":{"loc":{"start":{"line":2,"column":19},"end":{"line":2,"column":62}},"type":"binary-expr","locations":[{"start":{"line":2,"column":19},"end":{"line":2,"column":41}},{"start":{"line":2,"column":45},"end":{"line":2,"column":62}}],"line":2},"1":{"loc":{"start":{"line":6,"column":16},"end":{"line":6,"column":54}},"type":"binary-expr","locations":[{"start":{"line":6,"column":16},"end":{"line":6,"column":26}},{"start":{"line":6,"column":30},"end":{"line":6,"column":54}}],"line":6},"2":{"loc":{"start":{"line":8,"column":2},"end":{"line":10,"column":3}},"type":"if","locations":[{"start":{"line":8,"column":2},"end":{"line":10,"column":3}},{"start":{},"end":{}}],"line":8}},"s":{"0":1,"1":1,"2":1,"3":5,"4":5,"5":5,"6":0,"7":5,"8":5,"9":0,"10":0,"11":5,"12":1},"f":{"0":5},"b":{"0":[1,1],"1":[5,5],"2":[0,5]},"_coverageSchema":"1a1c01bbd47fc00a2c39e90264f33305004495a9","hash":"adb6e85091b307e4dfb80713a79e9ba74829fe74"}
,"/workspaces/deapseak/middleware/errorHandler.js": {"path":"/workspaces/deapseak/middleware/errorHandler.js","statementMap":{"0":{"start":{"line":1,"column":12},"end":{"line":1,"column":38}},"1":{"start":{"line":6,"column":21},"end":{"line":54,"column":1}},"2":{"start":{"line":8,"column":2},"end":{"line":15,"column":5}},"3":{"start":{"line":18,"column":2},"end":{"line":23,"column":3}},"4":{"start":{"line":19,"column":4},"end":{"line":22,"column":7}},"5":{"start":{"line":21,"column":50},"end":{"line":21,"column":59}},"6":{"start":{"line":26,"column":2},"end":{"line":31,"column":3}},"7":{"start":{"line":27,"column":4},"end":{"line":30,"column":7}},"8":{"start":{"line":34,"column":2},"end":{"line":38,"column":3}},"9":{"start":{"line":35,"column":4},"end":{"line":37,"column":7}},"10":{"start":{"line":40,"column":2},"end":{"line":44,"column":3}},"11":{"start":{"line":41,"column":4},"end":{"line":43,"column":7}},"12":{"start":{"line":47,"column":21},"end":{"line":47,"column":42}},"13":{"start":{"line":48,"column":18},"end":{"line":48,"column":56}},"14":{"start":{"line":50,"column":2},"end":{"line":53,"column":5}},"15":{"start":{"line":59,"column":24},"end":{"line":70,"column":1}},"16":{"start":{"line":60,"column":2},"end":{"line":64,"column":5}},"17":{"start":{"line":66,"column":2},"end":{"line":69,"column":5}},"18":{"start":{"line":72,"column":0},"end":{"line":75,"column":2}}},"fnMap":{"0":{"name":"(anonymous_0)","decl":{"start":{"line":6,"column":21},"end":{"line":6,"column":22}},"loc":{"start":{"line":6,"column":46},"end":{"line":54,"column":1}},"line":6},"1":{"name":"(anonymous_1)","decl":{"start":{"line":21,"column":45},"end":{"line":21,"column":46}},"loc":{"start":{"line":21,"column":50},"end":{"line":21,"column":59}},"line":21},"2":{"name":"(anonymous_2)","decl":{"start":{"line":59,"column":24},"end":{"line":59,"column":25}},"loc":{"start":{"line":59,"column":38},"end":{"line":70,"column":1}},"line":59}},"branchMap":{"0":{"loc":{"start":{"line":18,"column":2},"end":{"line":23,"column":3}},"type":"if","locations":[{"start":{"line":18,"column":2},"end":{"line":23,"column":3}},{"start":{},"end":{}}],"line":18},"1":{"loc":{"start":{"line":26,"column":2},"end":{"line":31,"column":3}},"type":"if","locations":[{"start":{"line":26,"column":2},"end":{"line":31,"column":3}},{"start":{},"end":{}}],"line":26},"2":{"loc":{"start":{"line":34,"column":2},"end":{"line":38,"column":3}},"type":"if","locations":[{"start":{"line":34,"column":2},"end":{"line":38,"column":3}},{"start":{},"end":{}}],"line":34},"3":{"loc":{"start":{"line":40,"column":2},"end":{"line":44,"column":3}},"type":"if","locations":[{"start":{"line":40,"column":2},"end":{"line":44,"column":3}},{"start":{},"end":{}}],"line":40},"4":{"loc":{"start":{"line":47,"column":21},"end":{"line":47,"column":42}},"type":"binary-expr","locations":[{"start":{"line":47,"column":21},"end":{"line":47,"column":35}},{"start":{"line":47,"column":39},"end":{"line":47,"column":42}}],"line":47},"5":{"loc":{"start":{"line":48,"column":18},"end":{"line":48,"column":56}},"type":"binary-expr","locations":[{"start":{"line":48,"column":18},"end":{"line":48,"column":29}},{"start":{"line":48,"column":33},"end":{"line":48,"column":56}}],"line":48},"6":{"loc":{"start":{"line":52,"column":8},"end":{"line":52,"column":70}},"type":"binary-expr","locations":[{"start":{"line":52,"column":8},"end":{"line":52,"column":46}},{"start":{"line":52,"column":50},"end":{"line":52,"column":70}}],"line":52}},"s":{"0":0,"1":0,"2":0,"3":0,"4":0,"5":0,"6":0,"7":0,"8":0,"9":0,"10":0,"11":0,"12":0,"13":0,"14":0,"15":0,"16":0,"17":0,"18":0},"f":{"0":0,"1":0,"2":0},"b":{"0":[0,0],"1":[0,0],"2":[0,0],"3":[0,0],"4":[0,0],"5":[0,0],"6":[0,0]}}
,"/workspaces/deapseak/middleware/errorHandler.middleware.js": {"path":"/workspaces/deapseak/middleware/errorHandler.middleware.js","statementMap":{"0":{"start":{"line":1,"column":21},"end":{"line":11,"column":1}},"1":{"start":{"line":4,"column":21},"end":{"line":4,"column":42}},"2":{"start":{"line":5,"column":18},"end":{"line":5,"column":60}},"3":{"start":{"line":7,"column":2},"end":{"line":10,"column":5}},"4":{"start":{"line":13,"column":0},"end":{"line":13,"column":34}}},"fnMap":{"0":{"name":"(anonymous_0)","decl":{"start":{"line":1,"column":21},"end":{"line":1,"column":22}},"loc":{"start":{"line":1,"column":46},"end":{"line":11,"column":1}},"line":1}},"branchMap":{"0":{"loc":{"start":{"line":4,"column":21},"end":{"line":4,"column":42}},"type":"binary-expr","locations":[{"start":{"line":4,"column":21},"end":{"line":4,"column":35}},{"start":{"line":4,"column":39},"end":{"line":4,"column":42}}],"line":4},"1":{"loc":{"start":{"line":5,"column":18},"end":{"line":5,"column":60}},"type":"binary-expr","locations":[{"start":{"line":5,"column":18},"end":{"line":5,"column":29}},{"start":{"line":5,"column":33},"end":{"line":5,"column":60}}],"line":5}},"s":{"0":0,"1":0,"2":0,"3":0,"4":0},"f":{"0":0},"b":{"0":[0,0],"1":[0,0]}}
,"/workspaces/deapseak/middleware/rateLimit.middleware.js": {"path":"/workspaces/deapseak/middleware/rateLimit.middleware.js","statementMap":{"0":{"start":{"line":1,"column":18},"end":{"line":1,"column":47}},"1":{"start":{"line":3,"column":16},"end":{"line":7,"column":2}},"2":{"start":{"line":9,"column":22},"end":{"line":13,"column":2}},"3":{"start":{"line":15,"column":0},"end":{"line":15,"column":44}}},"fnMap":{},"branchMap":{},"s":{"0":0,"1":0,"2":0,"3":0},"f":{},"b":{}}
,"/workspaces/deapseak/middleware/validation.js": {"path":"/workspaces/deapseak/middleware/validation.js","statementMap":{"0":{"start":{"line":1,"column":49},"end":{"line":1,"column":77}},"1":{"start":{"line":6,"column":31},"end":{"line":20,"column":1}},"2":{"start":{"line":7,"column":17},"end":{"line":7,"column":38}},"3":{"start":{"line":9,"column":2},"end":{"line":17,"column":3}},"4":{"start":{"line":10,"column":4},"end":{"line":16,"column":7}},"5":{"start":{"line":11,"column":41},"end":{"line":15,"column":7}},"6":{"start":{"line":19,"column":2},"end":{"line":19,"column":9}},"7":{"start":{"line":25,"column":23},"end":{"line":28,"column":1}},"8":{"start":{"line":26,"column":2},"end":{"line":26,"column":46}},"9":{"start":{"line":26,"column":33},"end":{"line":26,"column":46}},"10":{"start":{"line":27,"column":2},"end":{"line":27,"column":43}},"11":{"start":{"line":33,"column":33},"end":{"line":56,"column":1}},"12":{"start":{"line":61,"column":22},"end":{"line":70,"column":1}},"13":{"start":{"line":75,"column":29},"end":{"line":111,"column":1}},"14":{"start":{"line":116,"column":32},"end":{"line":138,"column":1}},"15":{"start":{"line":143,"column":29},"end":{"line":154,"column":1}},"16":{"start":{"line":159,"column":25},"end":{"line":164,"column":1}},"17":{"start":{"line":169,"column":27},"end":{"line":179,"column":1}},"18":{"start":{"line":181,"column":0},"end":{"line":190,"column":2}}},"fnMap":{"0":{"name":"(anonymous_0)","decl":{"start":{"line":6,"column":31},"end":{"line":6,"column":32}},"loc":{"start":{"line":6,"column":51},"end":{"line":20,"column":1}},"line":6},"1":{"name":"(anonymous_1)","decl":{"start":{"line":11,"column":33},"end":{"line":11,"column":34}},"loc":{"start":{"line":11,"column":41},"end":{"line":15,"column":7}},"line":11},"2":{"name":"(anonymous_2)","decl":{"start":{"line":25,"column":23},"end":{"line":25,"column":24}},"loc":{"start":{"line":25,"column":34},"end":{"line":28,"column":1}},"line":25}},"branchMap":{"0":{"loc":{"start":{"line":9,"column":2},"end":{"line":17,"column":3}},"type":"if","locations":[{"start":{"line":9,"column":2},"end":{"line":17,"column":3}},{"start":{},"end":{}}],"line":9},"1":{"loc":{"start":{"line":26,"column":2},"end":{"line":26,"column":46}},"type":"if","locations":[{"start":{"line":26,"column":2},"end":{"line":26,"column":46}},{"start":{},"end":{}}],"line":26}},"s":{"0":0,"1":0,"2":0,"3":0,"4":0,"5":0,"6":0,"7":0,"8":0,"9":0,"10":0,"11":0,"12":0,"13":0,"14":0,"15":0,"16":0,"17":0,"18":0},"f":{"0":0,"1":0,"2":0},"b":{"0":[0,0],"1":[0,0]}}
,"/workspaces/deapseak/middleware/validation.middleware.js": {"path":"/workspaces/deapseak/middleware/validation.middleware.js","statementMap":{"0":{"start":{"line":1,"column":24},"end":{"line":15,"column":1}},"1":{"start":{"line":2,"column":2},"end":{"line":14,"column":4}},"2":{"start":{"line":3,"column":29},"end":{"line":3,"column":54}},"3":{"start":{"line":5,"column":4},"end":{"line":10,"column":5}},"4":{"start":{"line":6,"column":6},"end":{"line":9,"column":9}},"5":{"start":{"line":8,"column":40},"end":{"line":8,"column":49}},"6":{"start":{"line":12,"column":4},"end":{"line":12,"column":21}},"7":{"start":{"line":13,"column":4},"end":{"line":13,"column":11}},"8":{"start":{"line":17,"column":0},"end":{"line":17,"column":37}}},"fnMap":{"0":{"name":"(anonymous_0)","decl":{"start":{"line":1,"column":24},"end":{"line":1,"column":25}},"loc":{"start":{"line":1,"column":36},"end":{"line":15,"column":1}},"line":1},"1":{"name":"(anonymous_1)","decl":{"start":{"line":2,"column":9},"end":{"line":2,"column":10}},"loc":{"start":{"line":2,"column":29},"end":{"line":14,"column":3}},"line":2},"2":{"name":"(anonymous_2)","decl":{"start":{"line":8,"column":35},"end":{"line":8,"column":36}},"loc":{"start":{"line":8,"column":40},"end":{"line":8,"column":49}},"line":8}},"branchMap":{"0":{"loc":{"start":{"line":5,"column":4},"end":{"line":10,"column":5}},"type":"if","locations":[{"start":{"line":5,"column":4},"end":{"line":10,"column":5}},{"start":{},"end":{}}],"line":5}},"s":{"0":0,"1":0,"2":0,"3":0,"4":0,"5":0,"6":0,"7":0,"8":0},"f":{"0":0,"1":0,"2":0},"b":{"0":[0,0]}}
,"/workspaces/deapseak/models/Lift.js": {"path":"/workspaces/deapseak/models/Lift.js","statementMap":{"0":{"start":{"line":1,"column":21},"end":{"line":1,"column":39}},"1":{"start":{"line":4,"column":26},"end":{"line":4,"column":33}},"2":{"start":{"line":6,"column":18},"end":{"line":20,"column":3}},"3":{"start":{"line":18,"column":46},"end":{"line":18,"column":56}},"4":{"start":{"line":19,"column":46},"end":{"line":19,"column":56}},"5":{"start":{"line":23,"column":22},"end":{"line":23,"column":33}},"6":{"start":{"line":24,"column":4},"end":{"line":27,"column":5}},"7":{"start":{"line":25,"column":6},"end":{"line":25,"column":46}},"8":{"start":{"line":26,"column":6},"end":{"line":26,"column":27}},"9":{"start":{"line":28,"column":4},"end":{"line":28,"column":21}},"10":{"start":{"line":32,"column":19},"end":{"line":32,"column":21}},"11":{"start":{"line":34,"column":4},"end":{"line":38,"column":5}},"12":{"start":{"line":35,"column":6},"end":{"line":37,"column":7}},"13":{"start":{"line":36,"column":8},"end":{"line":36,"column":61}},"14":{"start":{"line":40,"column":4},"end":{"line":44,"column":5}},"15":{"start":{"line":41,"column":6},"end":{"line":43,"column":7}},"16":{"start":{"line":42,"column":8},"end":{"line":42,"column":47}},"17":{"start":{"line":46,"column":4},"end":{"line":48,"column":5}},"18":{"start":{"line":47,"column":6},"end":{"line":47,"column":61}},"19":{"start":{"line":50,"column":4},"end":{"line":52,"column":5}},"20":{"start":{"line":51,"column":6},"end":{"line":51,"column":54}},"21":{"start":{"line":54,"column":4},"end":{"line":59,"column":5}},"22":{"start":{"line":55,"column":28},"end":{"line":55,"column":79}},"23":{"start":{"line":56,"column":6},"end":{"line":58,"column":7}},"24":{"start":{"line":57,"column":8},"end":{"line":57,"column":38}},"25":{"start":{"line":61,"column":4},"end":{"line":61,"column":50}},"26":{"start":{"line":65,"column":0},"end":{"line":65,"column":22}}},"fnMap":{"0":{"name":"(anonymous_0)","decl":{"start":{"line":18,"column":40},"end":{"line":18,"column":41}},"loc":{"start":{"line":18,"column":46},"end":{"line":18,"column":56}},"line":18},"1":{"name":"(anonymous_1)","decl":{"start":{"line":19,"column":40},"end":{"line":19,"column":41}},"loc":{"start":{"line":19,"column":46},"end":{"line":19,"column":56}},"line":19},"2":{"name":"(anonymous_2)","decl":{"start":{"line":22,"column":2},"end":{"line":22,"column":3}},"loc":{"start":{"line":22,"column":24},"end":{"line":29,"column":3}},"line":22},"3":{"name":"(anonymous_3)","decl":{"start":{"line":31,"column":2},"end":{"line":31,"column":3}},"loc":{"start":{"line":31,"column":42},"end":{"line":62,"column":3}},"line":31}},"branchMap":{"0":{"loc":{"start":{"line":24,"column":4},"end":{"line":27,"column":5}},"type":"if","locations":[{"start":{"line":24,"column":4},"end":{"line":27,"column":5}},{"start":{},"end":{}}],"line":24},"1":{"loc":{"start":{"line":31,"column":24},"end":{"line":31,"column":40}},"type":"default-arg","locations":[{"start":{"line":31,"column":35},"end":{"line":31,"column":40}}],"line":31},"2":{"loc":{"start":{"line":34,"column":4},"end":{"line":38,"column":5}},"type":"if","locations":[{"start":{"line":34,"column":4},"end":{"line":38,"column":5}},{"start":{},"end":{}}],"line":34},"3":{"loc":{"start":{"line":34,"column":8},"end":{"line":34,"column":33}},"type":"binary-expr","locations":[{"start":{"line":34,"column":8},"end":{"line":34,"column":17}},{"start":{"line":34,"column":21},"end":{"line":34,"column":33}}],"line":34},"4":{"loc":{"start":{"line":35,"column":6},"end":{"line":37,"column":7}},"type":"if","locations":[{"start":{"line":35,"column":6},"end":{"line":37,"column":7}},{"start":{},"end":{}}],"line":35},"5":{"loc":{"start":{"line":35,"column":10},"end":{"line":35,"column":50}},"type":"binary-expr","locations":[{"start":{"line":35,"column":10},"end":{"line":35,"column":23}},{"start":{"line":35,"column":27},"end":{"line":35,"column":50}}],"line":35},"6":{"loc":{"start":{"line":40,"column":4},"end":{"line":44,"column":5}},"type":"if","locations":[{"start":{"line":40,"column":4},"end":{"line":44,"column":5}},{"start":{},"end":{}}],"line":40},"7":{"loc":{"start":{"line":40,"column":8},"end":{"line":40,"column":36}},"type":"binary-expr","locations":[{"start":{"line":40,"column":8},"end":{"line":40,"column":17}},{"start":{"line":40,"column":21},"end":{"line":40,"column":36}}],"line":40},"8":{"loc":{"start":{"line":41,"column":6},"end":{"line":43,"column":7}},"type":"if","locations":[{"start":{"line":41,"column":6},"end":{"line":43,"column":7}},{"start":{},"end":{}}],"line":41},"9":{"loc":{"start":{"line":46,"column":4},"end":{"line":48,"column":5}},"type":"if","locations":[{"start":{"line":46,"column":4},"end":{"line":48,"column":5}},{"start":{},"end":{}}],"line":46},"10":{"loc":{"start":{"line":46,"column":8},"end":{"line":46,"column":69}},"type":"binary-expr","locations":[{"start":{"line":46,"column":8},"end":{"line":46,"column":21}},{"start":{"line":46,"column":26},"end":{"line":46,"column":43}},{"start":{"line":46,"column":47},"end":{"line":46,"column":68}}],"line":46},"11":{"loc":{"start":{"line":50,"column":4},"end":{"line":52,"column":5}},"type":"if","locations":[{"start":{"line":50,"column":4},"end":{"line":52,"column":5}},{"start":{},"end":{}}],"line":50},"12":{"loc":{"start":{"line":50,"column":8},"end":{"line":50,"column":61}},"type":"binary-expr","locations":[{"start":{"line":50,"column":8},"end":{"line":50,"column":19}},{"start":{"line":50,"column":24},"end":{"line":50,"column":39}},{"start":{"line":50,"column":43},"end":{"line":50,"column":60}}],"line":50},"13":{"loc":{"start":{"line":54,"column":4},"end":{"line":59,"column":5}},"type":"if","locations":[{"start":{"line":54,"column":4},"end":{"line":59,"column":5}},{"start":{},"end":{}}],"line":54},"14":{"loc":{"start":{"line":56,"column":6},"end":{"line":58,"column":7}},"type":"if","locations":[{"start":{"line":56,"column":6},"end":{"line":58,"column":7}},{"start":{},"end":{}}],"line":56}},"s":{"0":0,"1":0,"2":0,"3":0,"4":0,"5":0,"6":0,"7":0,"8":0,"9":0,"10":0,"11":0,"12":0,"13":0,"14":0,"15":0,"16":0,"17":0,"18":0,"19":0,"20":0,"21":0,"22":0,"23":0,"24":0,"25":0,"26":0},"f":{"0":0,"1":0,"2":0,"3":0},"b":{"0":[0,0],"1":[0],"2":[0,0],"3":[0,0],"4":[0,0],"5":[0,0],"6":[0,0],"7":[0,0],"8":[0,0],"9":[0,0],"10":[0,0,0],"11":[0,0],"12":[0,0,0],"13":[0,0],"14":[0,0]}}
,"/workspaces/deapseak/models/Request.js": {"path":"/workspaces/deapseak/models/Request.js","statementMap":{"0":{"start":{"line":1,"column":21},"end":{"line":1,"column":39}},"1":{"start":{"line":4,"column":26},"end":{"line":4,"column":36}},"2":{"start":{"line":6,"column":18},"end":{"line":20,"column":3}},"3":{"start":{"line":17,"column":46},"end":{"line":17,"column":56}},"4":{"start":{"line":18,"column":46},"end":{"line":18,"column":56}},"5":{"start":{"line":23,"column":22},"end":{"line":23,"column":36}},"6":{"start":{"line":24,"column":4},"end":{"line":27,"column":5}},"7":{"start":{"line":25,"column":6},"end":{"line":25,"column":46}},"8":{"start":{"line":26,"column":6},"end":{"line":26,"column":27}},"9":{"start":{"line":28,"column":4},"end":{"line":30,"column":5}},"10":{"start":{"line":29,"column":6},"end":{"line":29,"column":53}},"11":{"start":{"line":31,"column":4},"end":{"line":33,"column":5}},"12":{"start":{"line":32,"column":6},"end":{"line":32,"column":59}},"13":{"start":{"line":34,"column":4},"end":{"line":36,"column":5}},"14":{"start":{"line":35,"column":6},"end":{"line":35,"column":61}},"15":{"start":{"line":37,"column":4},"end":{"line":37,"column":21}},"16":{"start":{"line":41,"column":19},"end":{"line":41,"column":21}},"17":{"start":{"line":43,"column":4},"end":{"line":47,"column":5}},"18":{"start":{"line":44,"column":6},"end":{"line":46,"column":7}},"19":{"start":{"line":45,"column":8},"end":{"line":45,"column":43}},"20":{"start":{"line":49,"column":4},"end":{"line":56,"column":5}},"21":{"start":{"line":50,"column":6},"end":{"line":52,"column":7}},"22":{"start":{"line":51,"column":8},"end":{"line":51,"column":66}},"23":{"start":{"line":53,"column":6},"end":{"line":55,"column":7}},"24":{"start":{"line":54,"column":8},"end":{"line":54,"column":69}},"25":{"start":{"line":58,"column":4},"end":{"line":63,"column":5}},"26":{"start":{"line":59,"column":25},"end":{"line":59,"column":77}},"27":{"start":{"line":60,"column":6},"end":{"line":62,"column":7}},"28":{"start":{"line":61,"column":8},"end":{"line":61,"column":44}},"29":{"start":{"line":65,"column":4},"end":{"line":70,"column":5}},"30":{"start":{"line":66,"column":30},"end":{"line":66,"column":65}},"31":{"start":{"line":67,"column":6},"end":{"line":69,"column":7}},"32":{"start":{"line":68,"column":8},"end":{"line":68,"column":40}},"33":{"start":{"line":72,"column":4},"end":{"line":77,"column":5}},"34":{"start":{"line":73,"column":28},"end":{"line":73,"column":92}},"35":{"start":{"line":74,"column":6},"end":{"line":76,"column":7}},"36":{"start":{"line":75,"column":8},"end":{"line":75,"column":38}},"37":{"start":{"line":79,"column":4},"end":{"line":79,"column":50}},"38":{"start":{"line":83,"column":0},"end":{"line":83,"column":25}}},"fnMap":{"0":{"name":"(anonymous_0)","decl":{"start":{"line":17,"column":40},"end":{"line":17,"column":41}},"loc":{"start":{"line":17,"column":46},"end":{"line":17,"column":56}},"line":17},"1":{"name":"(anonymous_1)","decl":{"start":{"line":18,"column":40},"end":{"line":18,"column":41}},"loc":{"start":{"line":18,"column":46},"end":{"line":18,"column":56}},"line":18},"2":{"name":"(anonymous_2)","decl":{"start":{"line":22,"column":2},"end":{"line":22,"column":3}},"loc":{"start":{"line":22,"column":27},"end":{"line":38,"column":3}},"line":22},"3":{"name":"(anonymous_3)","decl":{"start":{"line":40,"column":2},"end":{"line":40,"column":3}},"loc":{"start":{"line":40,"column":42},"end":{"line":80,"column":3}},"line":40}},"branchMap":{"0":{"loc":{"start":{"line":24,"column":4},"end":{"line":27,"column":5}},"type":"if","locations":[{"start":{"line":24,"column":4},"end":{"line":27,"column":5}},{"start":{},"end":{}}],"line":24},"1":{"loc":{"start":{"line":28,"column":4},"end":{"line":30,"column":5}},"type":"if","locations":[{"start":{"line":28,"column":4},"end":{"line":30,"column":5}},{"start":{},"end":{}}],"line":28},"2":{"loc":{"start":{"line":31,"column":4},"end":{"line":33,"column":5}},"type":"if","locations":[{"start":{"line":31,"column":4},"end":{"line":33,"column":5}},{"start":{},"end":{}}],"line":31},"3":{"loc":{"start":{"line":34,"column":4},"end":{"line":36,"column":5}},"type":"if","locations":[{"start":{"line":34,"column":4},"end":{"line":36,"column":5}},{"start":{},"end":{}}],"line":34},"4":{"loc":{"start":{"line":40,"column":24},"end":{"line":40,"column":40}},"type":"default-arg","locations":[{"start":{"line":40,"column":35},"end":{"line":40,"column":40}}],"line":40},"5":{"loc":{"start":{"line":43,"column":4},"end":{"line":47,"column":5}},"type":"if","locations":[{"start":{"line":43,"column":4},"end":{"line":47,"column":5}},{"start":{},"end":{}}],"line":43},"6":{"loc":{"start":{"line":43,"column":8},"end":{"line":43,"column":32}},"type":"binary-expr","locations":[{"start":{"line":43,"column":8},"end":{"line":43,"column":17}},{"start":{"line":43,"column":21},"end":{"line":43,"column":32}}],"line":43},"7":{"loc":{"start":{"line":44,"column":6},"end":{"line":46,"column":7}},"type":"if","locations":[{"start":{"line":44,"column":6},"end":{"line":46,"column":7}},{"start":{},"end":{}}],"line":44},"8":{"loc":{"start":{"line":49,"column":4},"end":{"line":56,"column":5}},"type":"if","locations":[{"start":{"line":49,"column":4},"end":{"line":56,"column":5}},{"start":{},"end":{}}],"line":49},"9":{"loc":{"start":{"line":49,"column":8},"end":{"line":49,"column":37}},"type":"binary-expr","locations":[{"start":{"line":49,"column":8},"end":{"line":49,"column":17}},{"start":{"line":49,"column":21},"end":{"line":49,"column":37}}],"line":49},"10":{"loc":{"start":{"line":50,"column":6},"end":{"line":52,"column":7}},"type":"if","locations":[{"start":{"line":50,"column":6},"end":{"line":52,"column":7}},{"start":{},"end":{}}],"line":50},"11":{"loc":{"start":{"line":50,"column":10},"end":{"line":50,"column":59}},"type":"binary-expr","locations":[{"start":{"line":50,"column":10},"end":{"line":50,"column":27}},{"start":{"line":50,"column":31},"end":{"line":50,"column":59}}],"line":50},"12":{"loc":{"start":{"line":53,"column":6},"end":{"line":55,"column":7}},"type":"if","locations":[{"start":{"line":53,"column":6},"end":{"line":55,"column":7}},{"start":{},"end":{}}],"line":53},"13":{"loc":{"start":{"line":53,"column":10},"end":{"line":53,"column":60}},"type":"binary-expr","locations":[{"start":{"line":53,"column":10},"end":{"line":53,"column":26}},{"start":{"line":53,"column":30},"end":{"line":53,"column":60}}],"line":53},"14":{"loc":{"start":{"line":58,"column":4},"end":{"line":63,"column":5}},"type":"if","locations":[{"start":{"line":58,"column":4},"end":{"line":63,"column":5}},{"start":{},"end":{}}],"line":58},"15":{"loc":{"start":{"line":60,"column":6},"end":{"line":62,"column":7}},"type":"if","locations":[{"start":{"line":60,"column":6},"end":{"line":62,"column":7}},{"start":{},"end":{}}],"line":60},"16":{"loc":{"start":{"line":65,"column":4},"end":{"line":70,"column":5}},"type":"if","locations":[{"start":{"line":65,"column":4},"end":{"line":70,"column":5}},{"start":{},"end":{}}],"line":65},"17":{"loc":{"start":{"line":67,"column":6},"end":{"line":69,"column":7}},"type":"if","locations":[{"start":{"line":67,"column":6},"end":{"line":69,"column":7}},{"start":{},"end":{}}],"line":67},"18":{"loc":{"start":{"line":72,"column":4},"end":{"line":77,"column":5}},"type":"if","locations":[{"start":{"line":72,"column":4},"end":{"line":77,"column":5}},{"start":{},"end":{}}],"line":72},"19":{"loc":{"start":{"line":74,"column":6},"end":{"line":76,"column":7}},"type":"if","locations":[{"start":{"line":74,"column":6},"end":{"line":76,"column":7}},{"start":{},"end":{}}],"line":74}},"s":{"0":0,"1":0,"2":0,"3":0,"4":0,"5":0,"6":0,"7":0,"8":0,"9":0,"10":0,"11":0,"12":0,"13":0,"14":0,"15":0,"16":0,"17":0,"18":0,"19":0,"20":0,"21":0,"22":0,"23":0,"24":0,"25":0,"26":0,"27":0,"28":0,"29":0,"30":0,"31":0,"32":0,"33":0,"34":0,"35":0,"36":0,"37":0,"38":0},"f":{"0":0,"1":0,"2":0,"3":0},"b":{"0":[0,0],"1":[0,0],"2":[0,0],"3":[0,0],"4":[0],"5":[0,0],"6":[0,0],"7":[0,0],"8":[0,0],"9":[0,0],"10":[0,0],"11":[0,0],"12":[0,0],"13":[0,0],"14":[0,0],"15":[0,0],"16":[0,0],"17":[0,0],"18":[0,0],"19":[0,0]}}
,"/workspaces/deapseak/models/User.js": {"path":"/workspaces/deapseak/models/User.js","statementMap":{"0":{"start":{"line":1,"column":21},"end":{"line":1,"column":39}},"1":{"start":{"line":4,"column":26},"end":{"line":4,"column":33}},"2":{"start":{"line":6,"column":18},"end":{"line":15,"column":3}},"3":{"start":{"line":12,"column":46},"end":{"line":12,"column":56}},"4":{"start":{"line":13,"column":46},"end":{"line":13,"column":56}},"5":{"start":{"line":18,"column":22},"end":{"line":18,"column":33}},"6":{"start":{"line":19,"column":4},"end":{"line":19,"column":30}},"7":{"start":{"line":20,"column":4},"end":{"line":23,"column":5}},"8":{"start":{"line":21,"column":6},"end":{"line":21,"column":46}},"9":{"start":{"line":22,"column":6},"end":{"line":22,"column":27}},"10":{"start":{"line":24,"column":4},"end":{"line":24,"column":21}},"11":{"start":{"line":28,"column":19},"end":{"line":28,"column":21}},"12":{"start":{"line":30,"column":4},"end":{"line":34,"column":5}},"13":{"start":{"line":31,"column":6},"end":{"line":33,"column":7}},"14":{"start":{"line":32,"column":8},"end":{"line":32,"column":45}},"15":{"start":{"line":36,"column":4},"end":{"line":38,"column":5}},"16":{"start":{"line":37,"column":6},"end":{"line":37,"column":42}},"17":{"start":{"line":40,"column":4},"end":{"line":42,"column":5}},"18":{"start":{"line":41,"column":6},"end":{"line":41,"column":60}},"19":{"start":{"line":44,"column":4},"end":{"line":48,"column":5}},"20":{"start":{"line":45,"column":6},"end":{"line":47,"column":7}},"21":{"start":{"line":46,"column":8},"end":{"line":46,"column":58}},"22":{"start":{"line":50,"column":4},"end":{"line":55,"column":5}},"23":{"start":{"line":51,"column":25},"end":{"line":51,"column":72}},"24":{"start":{"line":52,"column":6},"end":{"line":54,"column":7}},"25":{"start":{"line":53,"column":8},"end":{"line":53,"column":36}},"26":{"start":{"line":57,"column":4},"end":{"line":57,"column":50}},"27":{"start":{"line":61,"column":0},"end":{"line":61,"column":22}}},"fnMap":{"0":{"name":"(anonymous_0)","decl":{"start":{"line":12,"column":40},"end":{"line":12,"column":41}},"loc":{"start":{"line":12,"column":46},"end":{"line":12,"column":56}},"line":12},"1":{"name":"(anonymous_1)","decl":{"start":{"line":13,"column":40},"end":{"line":13,"column":41}},"loc":{"start":{"line":13,"column":46},"end":{"line":13,"column":56}},"line":13},"2":{"name":"(anonymous_2)","decl":{"start":{"line":17,"column":2},"end":{"line":17,"column":3}},"loc":{"start":{"line":17,"column":24},"end":{"line":25,"column":3}},"line":17},"3":{"name":"(anonymous_3)","decl":{"start":{"line":27,"column":2},"end":{"line":27,"column":3}},"loc":{"start":{"line":27,"column":42},"end":{"line":58,"column":3}},"line":27}},"branchMap":{"0":{"loc":{"start":{"line":20,"column":4},"end":{"line":23,"column":5}},"type":"if","locations":[{"start":{"line":20,"column":4},"end":{"line":23,"column":5}},{"start":{},"end":{}}],"line":20},"1":{"loc":{"start":{"line":27,"column":24},"end":{"line":27,"column":40}},"type":"default-arg","locations":[{"start":{"line":27,"column":35},"end":{"line":27,"column":40}}],"line":27},"2":{"loc":{"start":{"line":30,"column":4},"end":{"line":34,"column":5}},"type":"if","locations":[{"start":{"line":30,"column":4},"end":{"line":34,"column":5}},{"start":{},"end":{}}],"line":30},"3":{"loc":{"start":{"line":30,"column":8},"end":{"line":30,"column":31}},"type":"binary-expr","locations":[{"start":{"line":30,"column":8},"end":{"line":30,"column":17}},{"start":{"line":30,"column":21},"end":{"line":30,"column":31}}],"line":30},"4":{"loc":{"start":{"line":31,"column":6},"end":{"line":33,"column":7}},"type":"if","locations":[{"start":{"line":31,"column":6},"end":{"line":33,"column":7}},{"start":{},"end":{}}],"line":31},"5":{"loc":{"start":{"line":31,"column":10},"end":{"line":31,"column":71}},"type":"binary-expr","locations":[{"start":{"line":31,"column":10},"end":{"line":31,"column":21}},{"start":{"line":31,"column":25},"end":{"line":31,"column":71}}],"line":31},"6":{"loc":{"start":{"line":36,"column":4},"end":{"line":38,"column":5}},"type":"if","locations":[{"start":{"line":36,"column":4},"end":{"line":38,"column":5}},{"start":{},"end":{}}],"line":36},"7":{"loc":{"start":{"line":36,"column":8},"end":{"line":36,"column":35}},"type":"binary-expr","locations":[{"start":{"line":36,"column":8},"end":{"line":36,"column":17}},{"start":{"line":36,"column":21},"end":{"line":36,"column":35}}],"line":36},"8":{"loc":{"start":{"line":40,"column":4},"end":{"line":42,"column":5}},"type":"if","locations":[{"start":{"line":40,"column":4},"end":{"line":42,"column":5}},{"start":{},"end":{}}],"line":40},"9":{"loc":{"start":{"line":40,"column":8},"end":{"line":40,"column":49}},"type":"binary-expr","locations":[{"start":{"line":40,"column":8},"end":{"line":40,"column":21}},{"start":{"line":40,"column":25},"end":{"line":40,"column":49}}],"line":40},"10":{"loc":{"start":{"line":44,"column":4},"end":{"line":48,"column":5}},"type":"if","locations":[{"start":{"line":44,"column":4},"end":{"line":48,"column":5}},{"start":{},"end":{}}],"line":44},"11":{"loc":{"start":{"line":44,"column":8},"end":{"line":44,"column":30}},"type":"binary-expr","locations":[{"start":{"line":44,"column":8},"end":{"line":44,"column":17}},{"start":{"line":44,"column":21},"end":{"line":44,"column":30}}],"line":44},"12":{"loc":{"start":{"line":45,"column":6},"end":{"line":47,"column":7}},"type":"if","locations":[{"start":{"line":45,"column":6},"end":{"line":47,"column":7}},{"start":{},"end":{}}],"line":45},"13":{"loc":{"start":{"line":45,"column":10},"end":{"line":45,"column":44}},"type":"binary-expr","locations":[{"start":{"line":45,"column":10},"end":{"line":45,"column":20}},{"start":{"line":45,"column":24},"end":{"line":45,"column":44}}],"line":45},"14":{"loc":{"start":{"line":50,"column":4},"end":{"line":55,"column":5}},"type":"if","locations":[{"start":{"line":50,"column":4},"end":{"line":55,"column":5}},{"start":{},"end":{}}],"line":50},"15":{"loc":{"start":{"line":50,"column":8},"end":{"line":50,"column":30}},"type":"binary-expr","locations":[{"start":{"line":50,"column":8},"end":{"line":50,"column":17}},{"start":{"line":50,"column":21},"end":{"line":50,"column":30}}],"line":50},"16":{"loc":{"start":{"line":52,"column":6},"end":{"line":54,"column":7}},"type":"if","locations":[{"start":{"line":52,"column":6},"end":{"line":54,"column":7}},{"start":{},"end":{}}],"line":52},"17":{"loc":{"start":{"line":52,"column":10},"end":{"line":52,"column":55}},"type":"binary-expr","locations":[{"start":{"line":52,"column":10},"end":{"line":52,"column":20}},{"start":{"line":52,"column":24},"end":{"line":52,"column":55}}],"line":52}},"s":{"0":0,"1":0,"2":0,"3":0,"4":0,"5":0,"6":0,"7":0,"8":0,"9":0,"10":0,"11":0,"12":0,"13":0,"14":0,"15":0,"16":0,"17":0,"18":0,"19":0,"20":0,"21":0,"22":0,"23":0,"24":0,"25":0,"26":0,"27":0},"f":{"0":0,"1":0,"2":0,"3":0},"b":{"0":[0,0],"1":[0],"2":[0,0],"3":[0,0],"4":[0,0],"5":[0,0],"6":[0,0],"7":[0,0],"8":[0,0],"9":[0,0],"10":[0,0],"11":[0,0],"12":[0,0],"13":[0,0],"14":[0,0],"15":[0,0],"16":[0,0],"17":[0,0]}}
,"/workspaces/deapseak/models/assignment-schema.js": {"path":"/workspaces/deapseak/models/assignment-schema.js","statementMap":{"0":{"start":{"line":6,"column":21},"end":{"line":6,"column":39}},"1":{"start":{"line":11,"column":25},"end":{"line":138,"column":1}},"2":{"start":{"line":143,"column":26},"end":{"line":153,"column":1}},"3":{"start":{"line":158,"column":32},"end":{"line":167,"column":1}},"4":{"start":{"line":172,"column":33},"end":{"line":184,"column":1}},"5":{"start":{"line":186,"column":0},"end":{"line":191,"column":2}}},"fnMap":{},"branchMap":{},"s":{"0":0,"1":0,"2":0,"3":0,"4":0,"5":0},"f":{},"b":{}}
,"/workspaces/deapseak/models/chat-schema.js": {"path":"/workspaces/deapseak/models/chat-schema.js","statementMap":{"0":{"start":{"line":1,"column":17},"end":{"line":1,"column":36}},"1":{"start":{"line":6,"column":26},"end":{"line":152,"column":2}},"2":{"start":{"line":11,"column":12},"end":{"line":11,"column":70}},"3":{"start":{"line":29,"column":12},"end":{"line":29,"column":42}},"4":{"start":{"line":157,"column":26},"end":{"line":282,"column":2}},"5":{"start":{"line":287,"column":27},"end":{"line":316,"column":2}},"6":{"start":{"line":321,"column":31},"end":{"line":368,"column":2}},"7":{"start":{"line":373,"column":31},"end":{"line":477,"column":2}},"8":{"start":{"line":480,"column":0},"end":{"line":480,"column":54}},"9":{"start":{"line":481,"column":0},"end":{"line":481,"column":59}},"10":{"start":{"line":482,"column":0},"end":{"line":482,"column":42}},"11":{"start":{"line":483,"column":0},"end":{"line":483,"column":48}},"12":{"start":{"line":485,"column":0},"end":{"line":485,"column":40}},"13":{"start":{"line":486,"column":0},"end":{"line":486,"column":50}},"14":{"start":{"line":487,"column":0},"end":{"line":487,"column":46}},"15":{"start":{"line":489,"column":0},"end":{"line":489,"column":49}},"16":{"start":{"line":490,"column":0},"end":{"line":490,"column":58}},"17":{"start":{"line":493,"column":20},"end":{"line":493,"column":68}},"18":{"start":{"line":494,"column":20},"end":{"line":494,"column":68}},"19":{"start":{"line":495,"column":21},"end":{"line":495,"column":71}},"20":{"start":{"line":496,"column":25},"end":{"line":496,"column":83}},"21":{"start":{"line":497,"column":25},"end":{"line":497,"column":83}},"22":{"start":{"line":499,"column":0},"end":{"line":510,"column":2}}},"fnMap":{"0":{"name":"(anonymous_0)","decl":{"start":{"line":10,"column":18},"end":{"line":10,"column":19}},"loc":{"start":{"line":10,"column":29},"end":{"line":12,"column":9}},"line":10},"1":{"name":"(anonymous_1)","decl":{"start":{"line":28,"column":18},"end":{"line":28,"column":19}},"loc":{"start":{"line":28,"column":29},"end":{"line":30,"column":9}},"line":28}},"branchMap":{"0":{"loc":{"start":{"line":11,"column":19},"end":{"line":11,"column":69}},"type":"binary-expr","locations":[{"start":{"line":11,"column":19},"end":{"line":11,"column":36}},{"start":{"line":11,"column":40},"end":{"line":11,"column":69}}],"line":11}},"s":{"0":0,"1":0,"2":0,"3":0,"4":0,"5":0,"6":0,"7":0,"8":0,"9":0,"10":0,"11":0,"12":0,"13":0,"14":0,"15":0,"16":0,"17":0,"18":0,"19":0,"20":0,"21":0,"22":0},"f":{"0":0,"1":0},"b":{"0":[0,0]}}
,"/workspaces/deapseak/models/qr-schema.js": {"path":"/workspaces/deapseak/models/qr-schema.js","statementMap":{"0":{"start":{"line":5,"column":19},"end":{"line":5,"column":38}},"1":{"start":{"line":10,"column":21},"end":{"line":81,"column":2}},"2":{"start":{"line":86,"column":21},"end":{"line":134,"column":2}},"3":{"start":{"line":136,"column":0},"end":{"line":139,"column":2}}},"fnMap":{},"branchMap":{},"s":{"0":0,"1":0,"2":0,"3":0},"f":{},"b":{}}
,"/workspaces/deapseak/routes/auth.routes.js": {"path":"/workspaces/deapseak/routes/auth.routes.js","statementMap":{"0":{"start":{"line":1,"column":16},"end":{"line":1,"column":34}},"1":{"start":{"line":2,"column":15},"end":{"line":2,"column":31}},"2":{"start":{"line":3,"column":23},"end":{"line":3,"column":63}},"3":{"start":{"line":4,"column":28},"end":{"line":4,"column":57}},"4":{"start":{"line":5,"column":52},"end":{"line":5,"column":87}},"5":{"start":{"line":12,"column":0},"end":{"line":12,"column":59}},"6":{"start":{"line":19,"column":0},"end":{"line":19,"column":72}},"7":{"start":{"line":26,"column":0},"end":{"line":26,"column":53}},"8":{"start":{"line":33,"column":0},"end":{"line":33,"column":63}},"9":{"start":{"line":40,"column":0},"end":{"line":40,"column":54}},"10":{"start":{"line":42,"column":0},"end":{"line":42,"column":24}}},"fnMap":{},"branchMap":{},"s":{"0":0,"1":0,"2":0,"3":0,"4":0,"5":0,"6":0,"7":0,"8":0,"9":0,"10":0},"f":{},"b":{}}
,"/workspaces/deapseak/routes/index.js": {"path":"/workspaces/deapseak/routes/index.js","statementMap":{"0":{"start":{"line":1,"column":16},"end":{"line":1,"column":34}},"1":{"start":{"line":2,"column":15},"end":{"line":2,"column":31}},"2":{"start":{"line":5,"column":19},"end":{"line":5,"column":43}},"3":{"start":{"line":6,"column":19},"end":{"line":6,"column":43}},"4":{"start":{"line":7,"column":19},"end":{"line":7,"column":43}},"5":{"start":{"line":8,"column":22},"end":{"line":8,"column":49}},"6":{"start":{"line":11,"column":0},"end":{"line":18,"column":3}},"7":{"start":{"line":12,"column":2},"end":{"line":17,"column":5}},"8":{"start":{"line":21,"column":0},"end":{"line":21,"column":32}},"9":{"start":{"line":22,"column":0},"end":{"line":22,"column":33}},"10":{"start":{"line":23,"column":0},"end":{"line":23,"column":33}},"11":{"start":{"line":24,"column":0},"end":{"line":24,"column":39}},"12":{"start":{"line":26,"column":0},"end":{"line":26,"column":24}}},"fnMap":{"0":{"name":"(anonymous_0)","decl":{"start":{"line":11,"column":22},"end":{"line":11,"column":23}},"loc":{"start":{"line":11,"column":36},"end":{"line":18,"column":1}},"line":11}},"branchMap":{"0":{"loc":{"start":{"line":16,"column":17},"end":{"line":16,"column":54}},"type":"binary-expr","locations":[{"start":{"line":16,"column":17},"end":{"line":16,"column":37}},{"start":{"line":16,"column":41},"end":{"line":16,"column":54}}],"line":16}},"s":{"0":0,"1":0,"2":0,"3":0,"4":0,"5":0,"6":0,"7":0,"8":0,"9":0,"10":0,"11":0,"12":0},"f":{"0":0},"b":{"0":[0,0]}}
,"/workspaces/deapseak/routes/lift.routes.js": {"path":"/workspaces/deapseak/routes/lift.routes.js","statementMap":{"0":{"start":{"line":1,"column":16},"end":{"line":1,"column":34}},"1":{"start":{"line":2,"column":15},"end":{"line":2,"column":31}},"2":{"start":{"line":3,"column":23},"end":{"line":3,"column":63}},"3":{"start":{"line":4,"column":44},"end":{"line":4,"column":73}},"4":{"start":{"line":9,"column":4},"end":{"line":9,"column":39}},"5":{"start":{"line":16,"column":0},"end":{"line":21,"column":2}},"6":{"start":{"line":28,"column":0},"end":{"line":33,"column":2}},"7":{"start":{"line":40,"column":0},"end":{"line":45,"column":2}},"8":{"start":{"line":52,"column":0},"end":{"line":58,"column":2}},"9":{"start":{"line":65,"column":0},"end":{"line":71,"column":2}},"10":{"start":{"line":78,"column":0},"end":{"line":84,"column":2}},"11":{"start":{"line":91,"column":0},"end":{"line":97,"column":2}},"12":{"start":{"line":99,"column":0},"end":{"line":99,"column":24}}},"fnMap":{},"branchMap":{},"s":{"0":0,"1":0,"2":0,"3":0,"4":0,"5":0,"6":0,"7":0,"8":0,"9":0,"10":0,"11":0,"12":0},"f":{},"b":{}}
,"/workspaces/deapseak/routes/lifts.routes.js": {"path":"/workspaces/deapseak/routes/lifts.routes.js","statementMap":{"0":{"start":{"line":1,"column":16},"end":{"line":1,"column":34}},"1":{"start":{"line":2,"column":15},"end":{"line":2,"column":31}},"2":{"start":{"line":3,"column":30},"end":{"line":3,"column":70}},"3":{"start":{"line":5,"column":0},"end":{"line":11,"column":3}},"4":{"start":{"line":6,"column":2},"end":{"line":10,"column":3}},"5":{"start":{"line":7,"column":4},"end":{"line":7,"column":28}},"6":{"start":{"line":9,"column":4},"end":{"line":9,"column":51}},"7":{"start":{"line":13,"column":0},"end":{"line":19,"column":3}},"8":{"start":{"line":14,"column":2},"end":{"line":18,"column":3}},"9":{"start":{"line":15,"column":4},"end":{"line":15,"column":27}},"10":{"start":{"line":17,"column":4},"end":{"line":17,"column":51}},"11":{"start":{"line":21,"column":0},"end":{"line":28,"column":3}},"12":{"start":{"line":22,"column":2},"end":{"line":27,"column":3}},"13":{"start":{"line":23,"column":31},"end":{"line":23,"column":39}},"14":{"start":{"line":24,"column":4},"end":{"line":24,"column":59}},"15":{"start":{"line":26,"column":4},"end":{"line":26,"column":51}},"16":{"start":{"line":30,"column":0},"end":{"line":36,"column":3}},"17":{"start":{"line":31,"column":2},"end":{"line":35,"column":3}},"18":{"start":{"line":32,"column":4},"end":{"line":32,"column":59}},"19":{"start":{"line":34,"column":4},"end":{"line":34,"column":51}},"20":{"start":{"line":38,"column":0},"end":{"line":44,"column":3}},"21":{"start":{"line":39,"column":2},"end":{"line":43,"column":3}},"22":{"start":{"line":40,"column":4},"end":{"line":40,"column":59}},"23":{"start":{"line":42,"column":4},"end":{"line":42,"column":51}},"24":{"start":{"line":46,"column":0},"end":{"line":46,"column":24}}},"fnMap":{"0":{"name":"(anonymous_0)","decl":{"start":{"line":5,"column":35},"end":{"line":5,"column":36}},"loc":{"start":{"line":5,"column":55},"end":{"line":11,"column":1}},"line":5},"1":{"name":"(anonymous_1)","decl":{"start":{"line":13,"column":38},"end":{"line":13,"column":39}},"loc":{"start":{"line":13,"column":58},"end":{"line":19,"column":1}},"line":13},"2":{"name":"(anonymous_2)","decl":{"start":{"line":21,"column":36},"end":{"line":21,"column":37}},"loc":{"start":{"line":21,"column":56},"end":{"line":28,"column":1}},"line":21},"3":{"name":"(anonymous_3)","decl":{"start":{"line":30,"column":38},"end":{"line":30,"column":39}},"loc":{"start":{"line":30,"column":58},"end":{"line":36,"column":1}},"line":30},"4":{"name":"(anonymous_4)","decl":{"start":{"line":38,"column":41},"end":{"line":38,"column":42}},"loc":{"start":{"line":38,"column":61},"end":{"line":44,"column":1}},"line":38}},"branchMap":{},"s":{"0":1,"1":1,"2":1,"3":1,"4":0,"5":0,"6":0,"7":1,"8":0,"9":0,"10":0,"11":1,"12":0,"13":0,"14":0,"15":0,"16":1,"17":0,"18":0,"19":0,"20":1,"21":0,"22":0,"23":0,"24":1},"f":{"0":0,"1":0,"2":0,"3":0,"4":0},"b":{},"_coverageSchema":"1a1c01bbd47fc00a2c39e90264f33305004495a9","hash":"20f07fbbdb5a6462a34606e28c0fbb1fa2824181"}
,"/workspaces/deapseak/routes/monitoring.routes.js": {"path":"/workspaces/deapseak/routes/monitoring.routes.js","statementMap":{"0":{"start":{"line":1,"column":16},"end":{"line":1,"column":34}},"1":{"start":{"line":2,"column":15},"end":{"line":2,"column":31}},"2":{"start":{"line":3,"column":30},"end":{"line":3,"column":70}},"3":{"start":{"line":5,"column":0},"end":{"line":12,"column":3}},"4":{"start":{"line":6,"column":2},"end":{"line":11,"column":3}},"5":{"start":{"line":7,"column":45},"end":{"line":7,"column":53}},"6":{"start":{"line":8,"column":4},"end":{"line":8,"column":60}},"7":{"start":{"line":10,"column":4},"end":{"line":10,"column":51}},"8":{"start":{"line":14,"column":0},"end":{"line":20,"column":3}},"9":{"start":{"line":15,"column":2},"end":{"line":19,"column":3}},"10":{"start":{"line":16,"column":4},"end":{"line":16,"column":64}},"11":{"start":{"line":18,"column":4},"end":{"line":18,"column":51}},"12":{"start":{"line":22,"column":0},"end":{"line":28,"column":3}},"13":{"start":{"line":23,"column":2},"end":{"line":27,"column":3}},"14":{"start":{"line":24,"column":4},"end":{"line":24,"column":63}},"15":{"start":{"line":26,"column":4},"end":{"line":26,"column":51}},"16":{"start":{"line":30,"column":0},"end":{"line":36,"column":3}},"17":{"start":{"line":31,"column":2},"end":{"line":35,"column":3}},"18":{"start":{"line":32,"column":4},"end":{"line":32,"column":65}},"19":{"start":{"line":34,"column":4},"end":{"line":34,"column":51}},"20":{"start":{"line":38,"column":0},"end":{"line":38,"column":24}}},"fnMap":{"0":{"name":"(anonymous_0)","decl":{"start":{"line":5,"column":42},"end":{"line":5,"column":43}},"loc":{"start":{"line":5,"column":62},"end":{"line":12,"column":1}},"line":5},"1":{"name":"(anonymous_1)","decl":{"start":{"line":14,"column":57},"end":{"line":14,"column":58}},"loc":{"start":{"line":14,"column":77},"end":{"line":20,"column":1}},"line":14},"2":{"name":"(anonymous_2)","decl":{"start":{"line":22,"column":53},"end":{"line":22,"column":54}},"loc":{"start":{"line":22,"column":73},"end":{"line":28,"column":1}},"line":22},"3":{"name":"(anonymous_3)","decl":{"start":{"line":30,"column":46},"end":{"line":30,"column":47}},"loc":{"start":{"line":30,"column":66},"end":{"line":36,"column":1}},"line":30}},"branchMap":{},"s":{"0":0,"1":0,"2":0,"3":0,"4":0,"5":0,"6":0,"7":0,"8":0,"9":0,"10":0,"11":0,"12":0,"13":0,"14":0,"15":0,"16":0,"17":0,"18":0,"19":0,"20":0},"f":{"0":0,"1":0,"2":0,"3":0},"b":{}}
,"/workspaces/deapseak/routes/request.routes.js": {"path":"/workspaces/deapseak/routes/request.routes.js","statementMap":{"0":{"start":{"line":1,"column":16},"end":{"line":1,"column":34}},"1":{"start":{"line":2,"column":15},"end":{"line":2,"column":31}},"2":{"start":{"line":3,"column":26},"end":{"line":3,"column":69}},"3":{"start":{"line":4,"column":44},"end":{"line":4,"column":73}},"4":{"start":{"line":10,"column":4},"end":{"line":10,"column":39}},"5":{"start":{"line":17,"column":0},"end":{"line":22,"column":2}},"6":{"start":{"line":29,"column":0},"end":{"line":33,"column":2}},"7":{"start":{"line":40,"column":0},"end":{"line":45,"column":2}},"8":{"start":{"line":52,"column":0},"end":{"line":57,"column":2}},"9":{"start":{"line":64,"column":0},"end":{"line":71,"column":2}},"10":{"start":{"line":78,"column":0},"end":{"line":84,"column":2}},"11":{"start":{"line":91,"column":0},"end":{"line":96,"column":2}},"12":{"start":{"line":98,"column":0},"end":{"line":98,"column":24}}},"fnMap":{},"branchMap":{},"s":{"0":0,"1":0,"2":0,"3":0,"4":0,"5":0,"6":0,"7":0,"8":0,"9":0,"10":0,"11":0,"12":0},"f":{},"b":{}}
[...]
olumn":18},"end":{"line":37,"column":38}},{"start":{"line":37,"column":42},"end":{"line":37,"column":50}}],"line":37},"4":{"loc":{"start":{"line":38,"column":14},"end":{"line":38,"column":42}},"type":"binary-expr","locations":[{"start":{"line":38,"column":14},"end":{"line":38,"column":30}},{"start":{"line":38,"column":34},"end":{"line":38,"column":42}}],"line":38},"5":{"loc":{"start":{"line":63,"column":13},"end":{"line":63,"column":55}},"type":"cond-expr","locations":[{"start":{"line":63,"column":23},"end":{"line":63,"column":48}},{"start":{"line":63,"column":51},"end":{"line":63,"column":55}}],"line":63},"6":{"loc":{"start":{"line":70,"column":18},"end":{"line":70,"column":26}},"type":"default-arg","locations":[{"start":{"line":70,"column":25},"end":{"line":70,"column":26}}],"line":70},"7":{"loc":{"start":{"line":70,"column":28},"end":{"line":70,"column":38}},"type":"default-arg","locations":[{"start":{"line":70,"column":36},"end":{"line":70,"column":38}}],"line":70},"8":{"loc":{"start":{"line":75,"column":6},"end":{"line":75,"column":40}},"type":"if","locations":[{"start":{"line":75,"column":6},"end":{"line":75,"column":40}},{"start":{},"end":{}}],"line":75},"9":{"loc":{"start":{"line":76,"column":6},"end":{"line":76,"column":46}},"type":"if","locations":[{"start":{"line":76,"column":6},"end":{"line":76,"column":46}},{"start":{},"end":{}}],"line":76},"10":{"loc":{"start":{"line":77,"column":6},"end":{"line":77,"column":34}},"type":"if","locations":[{"start":{"line":77,"column":6},"end":{"line":77,"column":34}},{"start":{},"end":{}}],"line":77},"11":{"loc":{"start":{"line":78,"column":6},"end":{"line":78,"column":54}},"type":"if","locations":[{"start":{"line":78,"column":6},"end":{"line":78,"column":54}},{"start":{},"end":{}}],"line":78},"12":{"loc":{"start":{"line":79,"column":6},"end":{"line":79,"column":63}},"type":"if","locations":[{"start":{"line":79,"column":6},"end":{"line":79,"column":63}},{"start":{},"end":{}}],"line":79},"13":{"loc":{"start":{"line":80,"column":6},"end":{"line":80,"column":66}},"type":"if","locations":[{"start":{"line":80,"column":6},"end":{"line":80,"column":66}},{"start":{},"end":{}}],"line":80},"14":{"loc":{"start":{"line":102,"column":6},"end":{"line":104,"column":7}},"type":"if","locations":[{"start":{"line":102,"column":6},"end":{"line":104,"column":7}},{"start":{},"end":{}}],"line":102},"15":{"loc":{"start":{"line":111,"column":6},"end":{"line":113,"column":7}},"type":"if","locations":[{"start":{"line":111,"column":6},"end":{"line":113,"column":7}},{"start":{},"end":{}}],"line":111},"16":{"loc":{"start":{"line":118,"column":17},"end":{"line":118,"column":57}},"type":"binary-expr","locations":[{"start":{"line":118,"column":17},"end":{"line":118,"column":24}},{"start":{"line":118,"column":28},"end":{"line":118,"column":57}}],"line":118},"17":{"loc":{"start":{"line":130,"column":6},"end":{"line":132,"column":7}},"type":"if","locations":[{"start":{"line":130,"column":6},"end":{"line":132,"column":7}},{"start":{},"end":{}}],"line":130},"18":{"loc":{"start":{"line":163,"column":6},"end":{"line":165,"column":7}},"type":"if","locations":[{"start":{"line":163,"column":6},"end":{"line":165,"column":7}},{"start":{},"end":{}}],"line":163},"19":{"loc":{"start":{"line":192,"column":6},"end":{"line":194,"column":7}},"type":"if","locations":[{"start":{"line":192,"column":6},"end":{"line":194,"column":7}},{"start":{},"end":{}}],"line":192},"20":{"loc":{"start":{"line":208,"column":6},"end":{"line":208,"column":54}},"type":"if","locations":[{"start":{"line":208,"column":6},"end":{"line":208,"column":54}},{"start":{},"end":{}}],"line":208},"21":{"loc":{"start":{"line":209,"column":6},"end":{"line":209,"column":70}},"type":"if","locations":[{"start":{"line":209,"column":6},"end":{"line":209,"column":70}},{"start":{},"end":{}}],"line":209}},"s":{"0":0,"1":0,"2":0,"3":0,"4":0,"5":0,"6":0,"7":0,"8":0,"9":0,"10":0,"11":0,"12":0,"13":0,"14":0,"15":0,"16":0,"17":0,"18":0,"19":0,"20":0,"21":0,"22":0,"23":0,"24":0,"25":0,"26":0,"27":0,"28":0,"29":0,"30":0,"31":0,"32":0,"33":0,"34":0,"35":0,"36":0,"37":0,"38":0,"39":0,"40":0,"41":0,"42":0,"43":0,"44":0,"45":0,"46":0,"47":0,"48":0,"49":0,"50":0,"51":0,"52":0,"53":0,"54":0,"55":0,"56":0,"57":0,"58":0,"59":0,"60":0,"61":0,"62":0,"63":0,"64":0,"65":0,"66":0,"67":0,"68":0,"69":0,"70":0,"71":0,"72":0,"73":0,"74":0,"75":0,"76":0,"77":0,"78":0,"79":0,"80":0,"81":0,"82":0,"83":0,"84":0,"85":0,"86":0,"87":0,"88":0,"89":0,"90":0,"91":0,"92":0,"93":0,"94":0,"95":0},"f":{"0":0,"1":0,"2":0,"3":0,"4":0,"5":0,"6":0,"7":0,"8":0,"9":0,"10":0,"11":0},"b":{"0":[0,0],"1":[0,0],"2":[0,0],"3":[0,0],"4":[0,0],"5":[0,0],"6":[0],"7":[0],"8":[0,0],"9":[0,0],"10":[0,0],"11":[0,0],"12":[0,0],"13":[0,0],"14":[0,0],"15":[0,0],"16":[0,0],"17":[0,0],"18":[0,0],"19":[0,0],"20":[0,0],"21":[0,0]}}
,"/workspaces/deapseak/services/UserService.js": {"path":"/workspaces/deapseak/services/UserService.js","statementMap":{"0":{"start":{"line":1,"column":15},"end":{"line":1,"column":34}},"1":{"start":{"line":2,"column":12},"end":{"line":2,"column":35}},"2":{"start":{"line":3,"column":21},"end":{"line":3,"column":39}},"3":{"start":{"line":4,"column":21},"end":{"line":4,"column":50}},"4":{"start":{"line":5,"column":13},"end":{"line":5,"column":38}},"5":{"start":{"line":6,"column":12},"end":{"line":6,"column":38}},"6":{"start":{"line":10,"column":4},"end":{"line":10,"column":27}},"7":{"start":{"line":14,"column":4},"end":{"line":14,"column":70}},"8":{"start":{"line":17,"column":4},"end":{"line":17,"column":70}},"9":{"start":{"line":18,"column":4},"end":{"line":18,"column":37}},"10":{"start":{"line":22,"column":4},"end":{"line":53,"column":5}},"11":{"start":{"line":23,"column":25},"end":{"line":23,"column":48}},"12":{"start":{"line":24,"column":6},"end":{"line":26,"column":7}},"13":{"start":{"line":25,"column":8},"end":{"line":25,"column":61}},"14":{"start":{"line":29,"column":27},"end":{"line":29,"column":83}},"15":{"start":{"line":30,"column":6},"end":{"line":32,"column":7}},"16":{"start":{"line":31,"column":8},"end":{"line":31,"column":80}},"17":{"start":{"line":35,"column":29},"end":{"line":35,"column":108}},"18":{"start":{"line":37,"column":19},"end":{"line":43,"column":7}},"19":{"start":{"line":45,"column":21},"end":{"line":45,"column":58}},"20":{"start":{"line":47,"column":6},"end":{"line":47,"column":85}},"21":{"start":{"line":49,"column":6},"end":{"line":49,"column":69}},"22":{"start":{"line":51,"column":6},"end":{"line":51,"column":63}},"23":{"start":{"line":52,"column":6},"end":{"line":52,"column":52}},"24":{"start":{"line":57,"column":4},"end":{"line":96,"column":5}},"25":{"start":{"line":58,"column":19},"end":{"line":58,"column":75}},"26":{"start":{"line":60,"column":6},"end":{"line":63,"column":7}},"27":{"start":{"line":61,"column":8},"end":{"line":61,"column":69}},"28":{"start":{"line":62,"column":8},"end":{"line":62,"column":64}},"29":{"start":{"line":65,"column":30},"end":{"line":65,"column":75}},"30":{"start":{"line":67,"column":6},"end":{"line":70,"column":7}},"31":{"start":{"line":68,"column":8},"end":{"line":68,"column":71}},"32":{"start":{"line":69,"column":8},"end":{"line":69,"column":64}},"33":{"start":{"line":73,"column":26},"end":{"line":77,"column":7}},"34":{"start":{"line":79,"column":27},"end":{"line":83,"column":7}},"35":{"start":{"line":85,"column":6},"end":{"line":85,"column":66}},"36":{"start":{"line":87,"column":6},"end":{"line":92,"column":8}},"37":{"start":{"line":94,"column":6},"end":{"line":94,"column":64}},"38":{"start":{"line":95,"column":6},"end":{"line":95,"column":64}},"39":{"start":{"line":100,"column":4},"end":{"line":106,"column":5}},"40":{"start":{"line":101,"column":19},"end":{"line":101,"column":91}},"41":{"start":{"line":102,"column":6},"end":{"line":102,"column":47}},"42":{"start":{"line":104,"column":6},"end":{"line":104,"column":80}},"43":{"start":{"line":105,"column":6},"end":{"line":105,"column":18}},"44":{"start":{"line":110,"column":4},"end":{"line":136,"column":5}},"45":{"start":{"line":111,"column":19},"end":{"line":111,"column":37}},"46":{"start":{"line":112,"column":20},"end":{"line":112,"column":38}},"47":{"start":{"line":114,"column":6},"end":{"line":114,"column":34}},"48":{"start":{"line":114,"column":16},"end":{"line":114,"column":34}},"49":{"start":{"line":115,"column":6},"end":{"line":120,"column":7}},"50":{"start":{"line":116,"column":8},"end":{"line":119,"column":10}},"51":{"start":{"line":122,"column":29},"end":{"line":125,"column":8}},"52":{"start":{"line":127,"column":6},"end":{"line":132,"column":8}},"53":{"start":{"line":134,"column":6},"end":{"line":134,"column":63}},"54":{"start":{"line":135,"column":6},"end":{"line":135,"column":16}},"55":{"start":{"line":140,"column":4},"end":{"line":167,"column":5}},"56":{"start":{"line":141,"column":25},"end":{"line":141,"column":56}},"57":{"start":{"line":142,"column":6},"end":{"line":144,"column":7}},"58":{"start":{"line":143,"column":8},"end":{"line":143,"column":61}},"59":{"start":{"line":146,"column":6},"end":{"line":148,"column":7}},"60":{"start":{"line":147,"column":8},"end":{"line":147,"column":112}},"61":{"start":{"line":150,"column":6},"end":{"line":150,"column":40}},"62":{"start":{"line":152,"column":21},"end":{"line":155,"column":7}},"63":{"start":{"line":157,"column":6},"end":{"line":159,"column":7}},"64":{"start":{"line":158,"column":8},"end":{"line":158,"column":59}},"65":{"start":{"line":161,"column":6},"end":{"line":161,"column":47}},"66":{"start":{"line":163,"column":6},"end":{"line":163,"column":31}},"67":{"start":{"line":165,"column":6},"end":{"line":165,"column":75}},"68":{"start":{"line":166,"column":6},"end":{"line":166,"column":52}},"69":{"start":{"line":171,"column":4},"end":{"line":188,"column":5}},"70":{"start":{"line":173,"column":21},"end":{"line":176,"column":7}},"71":{"start":{"line":178,"column":6},"end":{"line":180,"column":7}},"72":{"start":{"line":179,"column":8},"end":{"line":179,"column":59}},"73":{"start":{"line":182,"column":6},"end":{"line":182,"column":54}},"74":{"start":{"line":184,"column":6},"end":{"line":184,"column":31}},"75":{"start":{"line":186,"column":6},"end":{"line":186,"column":75}},"76":{"start":{"line":187,"column":6},"end":{"line":187,"column":52}},"77":{"start":{"line":192,"column":0},"end":{"line":192,"column":35}}},"fnMap":{"0":{"name":"(anonymous_0)","decl":{"start":{"line":9,"column":2},"end":{"line":9,"column":3}},"loc":{"start":{"line":9,"column":16},"end":{"line":11,"column":3}},"line":9},"1":{"name":"(anonymous_1)","decl":{"start":{"line":13,"column":2},"end":{"line":13,"column":3}},"loc":{"start":{"line":13,"column":15},"end":{"line":19,"column":3}},"line":13},"2":{"name":"(anonymous_2)","decl":{"start":{"line":21,"column":2},"end":{"line":21,"column":3}},"loc":{"start":{"line":21,"column":25},"end":{"line":54,"column":3}},"line":21},"3":{"name":"(anonymous_3)","decl":{"start":{"line":56,"column":2},"end":{"line":56,"column":3}},"loc":{"start":{"line":56,"column":38},"end":{"line":97,"column":3}},"line":56},"4":{"name":"(anonymous_4)","decl":{"start":{"line":99,"column":2},"end":{"line":99,"column":3}},"loc":{"start":{"line":99,"column":21},"end":{"line":107,"column":3}},"line":99},"5":{"name":"(anonymous_5)","decl":{"start":{"line":109,"column":2},"end":{"line":109,"column":3}},"loc":{"start":{"line":109,"column":56},"end":{"line":137,"column":3}},"line":109},"6":{"name":"(anonymous_6)","decl":{"start":{"line":139,"column":2},"end":{"line":139,"column":3}},"loc":{"start":{"line":139,"column":31},"end":{"line":168,"column":3}},"line":139},"7":{"name":"(anonymous_7)","decl":{"start":{"line":170,"column":2},"end":{"line":170,"column":3}},"loc":{"start":{"line":170,"column":19},"end":{"line":189,"column":3}},"line":170}},"branchMap":{"0":{"loc":{"start":{"line":24,"column":6},"end":{"line":26,"column":7}},"type":"if","locations":[{"start":{"line":24,"column":6},"end":{"line":26,"column":7}},{"start":{},"end":{}}],"line":24},"1":{"loc":{"start":{"line":30,"column":6},"end":{"line":32,"column":7}},"type":"if","locations":[{"start":{"line":30,"column":6},"end":{"line":32,"column":7}},{"start":{},"end":{}}],"line":30},"2":{"loc":{"start":{"line":35,"column":66},"end":{"line":35,"column":107}},"type":"binary-expr","locations":[{"start":{"line":35,"column":66},"end":{"line":35,"column":101}},{"start":{"line":35,"column":105},"end":{"line":35,"column":107}}],"line":35},"3":{"loc":{"start":{"line":60,"column":6},"end":{"line":63,"column":7}},"type":"if","locations":[{"start":{"line":60,"column":6},"end":{"line":63,"column":7}},{"start":{},"end":{}}],"line":60},"4":{"loc":{"start":{"line":67,"column":6},"end":{"line":70,"column":7}},"type":"if","locations":[{"start":{"line":67,"column":6},"end":{"line":70,"column":7}},{"start":{},"end":{}}],"line":67},"5":{"loc":{"start":{"line":76,"column":21},"end":{"line":76,"column":55}},"type":"binary-expr","locations":[{"start":{"line":76,"column":21},"end":{"line":76,"column":47}},{"start":{"line":76,"column":51},"end":{"line":76,"column":55}}],"line":76},"6":{"loc":{"start":{"line":82,"column":21},"end":{"line":82,"column":63}},"type":"binary-expr","locations":[{"start":{"line":82,"column":21},"end":{"line":82,"column":55}},{"start":{"line":82,"column":59},"end":{"line":82,"column":63}}],"line":82},"7":{"loc":{"start":{"line":102,"column":13},"end":{"line":102,"column":46}},"type":"cond-expr","locations":[{"start":{"line":102,"column":20},"end":{"line":102,"column":39}},{"start":{"line":102,"column":42},"end":{"line":102,"column":46}}],"line":102},"8":{"loc":{"start":{"line":109,"column":18},"end":{"line":109,"column":26}},"type":"default-arg","locations":[{"start":{"line":109,"column":25},"end":{"line":109,"column":26}}],"line":109},"9":{"loc":{"start":{"line":109,"column":28},"end":{"line":109,"column":38}},"type":"default-arg","locations":[{"start":{"line":109,"column":36},"end":{"line":109,"column":38}}],"line":109},"10":{"loc":{"start":{"line":114,"column":6},"end":{"line":114,"column":34}},"type":"if","locations":[{"start":{"line":114,"column":6},"end":{"line":114,"column":34}},{"start":{},"end":{}}],"line":114},"11":{"loc":{"start":{"line":115,"column":6},"end":{"line":120,"column":7}},"type":"if","locations":[{"start":{"line":115,"column":6},"end":{"line":120,"column":7}},{"start":{},"end":{}}],"line":115},"12":{"loc":{"start":{"line":142,"column":6},"end":{"line":144,"column":7}},"type":"if","locations":[{"start":{"line":142,"column":6},"end":{"line":144,"column":7}},{"start":{},"end":{}}],"line":142},"13":{"loc":{"start":{"line":146,"column":6},"end":{"line":148,"column":7}},"type":"if","locations":[{"start":{"line":146,"column":6},"end":{"line":148,"column":7}},{"start":{},"end":{}}],"line":146},"14":{"loc":{"start":{"line":147,"column":69},"end":{"line":147,"column":110}},"type":"binary-expr","locations":[{"start":{"line":147,"column":69},"end":{"line":147,"column":104}},{"start":{"line":147,"column":108},"end":{"line":147,"column":110}}],"line":147},"15":{"loc":{"start":{"line":157,"column":6},"end":{"line":159,"column":7}},"type":"if","locations":[{"start":{"line":157,"column":6},"end":{"line":159,"column":7}},{"start":{},"end":{}}],"line":157},"16":{"loc":{"start":{"line":178,"column":6},"end":{"line":180,"column":7}},"type":"if","locations":[{"start":{"line":178,"column":6},"end":{"line":180,"column":7}},{"start":{},"end":{}}],"line":178}},"s":{"0":0,"1":0,"2":0,"3":0,"4":0,"5":0,"6":0,"7":0,"8":0,"9":0,"10":0,"11":0,"12":0,"13":0,"14":0,"15":0,"16":0,"17":0,"18":0,"19":0,"20":0,"21":0,"22":0,"23":0,"24":0,"25":0,"26":0,"27":0,"28":0,"29":0,"30":0,"31":0,"32":0,"33":0,"34":0,"35":0,"36":0,"37":0,"38":0,"39":0,"40":0,"41":0,"42":0,"43":0,"44":0,"45":0,"46":0,"47":0,"48":0,"49":0,"50":0,"51":0,"52":0,"53":0,"54":0,"55":0,"56":0,"57":0,"58":0,"59":0,"60":0,"61":0,"62":0,"63":0,"64":0,"65":0,"66":0,"67":0,"68":0,"69":0,"70":0,"71":0,"72":0,"73":0,"74":0,"75":0,"76":0,"77":0},"f":{"0":0,"1":0,"2":0,"3":0,"4":0,"5":0,"6":0,"7":0},"b":{"0":[0,0],"1":[0,0],"2":[0,0],"3":[0,0],"4":[0,0],"5":[0,0],"6":[0,0],"7":[0,0],"8":[0],"9":[0],"10":[0,0],"11":[0,0],"12":[0,0],"13":[0,0],"14":[0,0],"15":[0,0],"16":[0,0]}}
,"/workspaces/deapseak/utils/logger.js": {"path":"/workspaces/deapseak/utils/logger.js","statementMap":{"0":{"start":{"line":1,"column":16},"end":{"line":1,"column":34}},"1":{"start":{"line":2,"column":13},"end":{"line":2,"column":28}},"2":{"start":{"line":3,"column":11},"end":{"line":3,"column":24}},"3":{"start":{"line":6,"column":15},"end":{"line":6,"column":49}},"4":{"start":{"line":7,"column":0},"end":{"line":9,"column":1}},"5":{"start":{"line":8,"column":2},"end":{"line":8,"column":44}},"6":{"start":{"line":12,"column":18},"end":{"line":17,"column":1}},"7":{"start":{"line":20,"column":15},"end":{"line":43,"column":2}},"8":{"start":{"line":30,"column":18},"end":{"line":30,"column":68}},"9":{"start":{"line":46,"column":12},"end":{"line":52,"column":1}},"10":{"start":{"line":47,"column":32},"end":{"line":47,"column":58}},"11":{"start":{"line":48,"column":33},"end":{"line":48,"column":60}},"12":{"start":{"line":49,"column":32},"end":{"line":49,"column":58}},"13":{"start":{"line":50,"column":33},"end":{"line":50,"column":60}},"14":{"start":{"line":51,"column":32},"end":{"line":51,"column":58}},"15":{"start":{"line":54,"column":0},"end":{"line":54,"column":21}}},"fnMap":{"0":{"name":"(anonymous_0)","decl":{"start":{"line":30,"column":10},"end":{"line":30,"column":11}},"loc":{"start":{"line":30,"column":18},"end":{"line":30,"column":68}},"line":30},"1":{"name":"(anonymous_1)","decl":{"start":{"line":47,"column":8},"end":{"line":47,"column":9}},"loc":{"start":{"line":47,"column":32},"end":{"line":47,"column":58}},"line":47},"2":{"name":"(anonymous_2)","decl":{"start":{"line":48,"column":9},"end":{"line":48,"column":10}},"loc":{"start":{"line":48,"column":33},"end":{"line":48,"column":60}},"line":48},"3":{"name":"(anonymous_3)","decl":{"start":{"line":49,"column":8},"end":{"line":49,"column":9}},"loc":{"start":{"line":49,"column":32},"end":{"line":49,"column":58}},"line":49},"4":{"name":"(anonymous_4)","decl":{"start":{"line":50,"column":9},"end":{"line":50,"column":10}},"loc":{"start":{"line":50,"column":33},"end":{"line":50,"column":60}},"line":50},"5":{"name":"(anonymous_5)","decl":{"start":{"line":51,"column":8},"end":{"line":51,"column":9}},"loc":{"start":{"line":51,"column":32},"end":{"line":51,"column":58}},"line":51}},"branchMap":{"0":{"loc":{"start":{"line":7,"column":0},"end":{"line":9,"column":1}},"type":"if","locations":[{"start":{"line":7,"column":0},"end":{"line":9,"column":1}},{"start":{},"end":{}}],"line":7},"1":{"loc":{"start":{"line":21,"column":9},"end":{"line":21,"column":40}},"type":"binary-expr","locations":[{"start":{"line":21,"column":9},"end":{"line":21,"column":30}},{"start":{"line":21,"column":34},"end":{"line":21,"column":40}}],"line":21},"2":{"loc":{"start":{"line":47,"column":18},"end":{"line":47,"column":27}},"type":"default-arg","locations":[{"start":{"line":47,"column":25},"end":{"line":47,"column":27}}],"line":47},"3":{"loc":{"start":{"line":48,"column":19},"end":{"line":48,"column":28}},"type":"default-arg","locations":[{"start":{"line":48,"column":26},"end":{"line":48,"column":28}}],"line":48},"4":{"loc":{"start":{"line":49,"column":18},"end":{"line":49,"column":27}},"type":"default-arg","locations":[{"start":{"line":49,"column":25},"end":{"line":49,"column":27}}],"line":49},"5":{"loc":{"start":{"line":50,"column":19},"end":{"line":50,"column":28}},"type":"default-arg","locations":[{"start":{"line":50,"column":26},"end":{"line":50,"column":28}}],"line":50},"6":{"loc":{"start":{"line":51,"column":18},"end":{"line":51,"column":27}},"type":"default-arg","locations":[{"start":{"line":51,"column":25},"end":{"line":51,"column":27}}],"line":51}},"s":{"0":0,"1":0,"2":0,"3":0,"4":0,"5":0,"6":0,"7":0,"8":0,"9":0,"10":0,"11":0,"12":0,"13":0,"14":0,"15":0},"f":{"0":0,"1":0,"2":0,"3":0,"4":0,"5":0},"b":{"0":[0,0],"1":[0,0],"2":[0],"3":[0],"4":[0],"5":[0],"6":[0]}}
}
