TN:
SF:controllers/AuthController.js
FN:5,(anonymous_0)
FN:27,(anonymous_1)
FN:51,(anonymous_2)
FN:66,(anonymous_3)
FN:77,(anonymous_4)
FNF:5
FNH:0
FNDA:0,(anonymous_0)
FNDA:0,(anonymous_1)
FNDA:0,(anonymous_2)
FNDA:0,(anonymous_3)
FNDA:0,(anonymous_4)
DA:1,0
DA:2,0
DA:6,0
DA:7,0
DA:9,0
DA:11,0
DA:13,0
DA:14,0
DA:17,0
DA:23,0
DA:28,0
DA:29,0
DA:31,0
DA:33,0
DA:35,0
DA:36,0
DA:42,0
DA:47,0
DA:52,0
DA:53,0
DA:55,0
DA:56,0
DA:60,0
DA:62,0
DA:67,0
DA:69,0
DA:71,0
DA:73,0
DA:78,0
DA:79,0
DA:81,0
DA:82,0
DA:85,0
DA:87,0
DA:92,0
LF:35
LH:0
BRDA:13,0,0,0
BRDA:13,0,1,0
BRDA:35,1,0,0
BRDA:35,1,1,0
BRDA:55,2,0,0
BRDA:55,2,1,0
BRDA:81,3,0,0
BRDA:81,3,1,0
BRF:8
BRH:0
end_of_record
TN:
SF:controllers/LiftController.js
FN:5,(anonymous_0)
FN:23,(anonymous_1)
FN:39,(anonymous_2)
FN:64,(anonymous_3)
FN:85,(anonymous_4)
FN:103,(anonymous_5)
FN:124,(anonymous_6)
FNF:7
FNH:0
FNDA:0,(anonymous_0)
FNDA:0,(anonymous_1)
FNDA:0,(anonymous_2)
FNDA:0,(anonymous_3)
FNDA:0,(anonymous_4)
FNDA:0,(anonymous_5)
FNDA:0,(anonymous_6)
DA:1,0
DA:2,0
DA:6,0
DA:7,0
DA:9,0
DA:17,0
DA:19,0
DA:24,0
DA:25,0
DA:27,0
DA:29,0
DA:30,0
DA:33,0
DA:35,0
DA:40,0
DA:41,0
DA:46,0
DA:48,0
DA:49,0
DA:55,0
DA:60,0
DA:65,0
DA:66,0
DA:68,0
DA:70,0
DA:72,0
DA:73,0
DA:79,0
DA:81,0
DA:86,0
DA:87,0
DA:89,0
DA:91,0
DA:93,0
DA:94,0
DA:97,0
DA:99,0
DA:104,0
DA:105,0
DA:107,0
DA:109,0
DA:111,0
DA:112,0
DA:115,0
DA:120,0
DA:125,0
DA:126,0
DA:127,0
DA:129,0
DA:134,0
LF:50
LH:0
BRDA:10,0,0,0
BRDA:10,0,1,0
BRDA:11,1,0,0
BRDA:11,1,1,0
BRDA:29,2,0,0
BRDA:29,2,1,0
BRDA:48,3,0,0
BRDA:48,3,1,0
BRDA:72,4,0,0
BRDA:72,4,1,0
BRDA:93,5,0,0
BRDA:93,5,1,0
BRDA:111,6,0,0
BRDA:111,6,1,0
BRF:14
BRH:0
end_of_record
TN:
SF:controllers/RequestController.js
FN:5,(anonymous_0)
FN:35,(anonymous_1)
FN:60,(anonymous_2)
FN:90,(anonymous_3)
FN:116,(anonymous_4)
FN:143,(anonymous_5)
FN:169,(anonymous_6)
FNF:7
FNH:0
FNDA:0,(anonymous_0)
FNDA:0,(anonymous_1)
FNDA:0,(anonymous_2)
FNDA:0,(anonymous_3)
FNDA:0,(anonymous_4)
FNDA:0,(anonymous_5)
FNDA:0,(anonymous_6)
DA:1,0
DA:2,0
DA:6,0
DA:7,0
DA:10,0
DA:19,0
DA:20,0
DA:23,0
DA:24,0
DA:27,0
DA:29,0
DA:31,0
DA:36,0
DA:37,0
DA:39,0
DA:41,0
DA:42,0
DA:46,0
DA:47,0
DA:50,0
DA:51,0
DA:54,0
DA:56,0
DA:61,0
DA:62,0
DA:67,0
DA:72,0
DA:74,0
DA:75,0
DA:81,0
DA:86,0
DA:91,0
DA:92,0
DA:93,0
DA:95,0
DA:101,0
DA:106,0
DA:107,0
DA:110,0
DA:112,0
DA:117,0
DA:118,0
DA:119,0
DA:121,0
DA:122,0
DA:125,0
DA:131,0
DA:133,0
DA:134,0
DA:137,0
DA:139,0
DA:144,0
DA:145,0
DA:146,0
DA:148,0
DA:149,0
DA:152,0
DA:157,0
DA:159,0
DA:160,0
DA:163,0
DA:165,0
DA:170,0
DA:171,0
DA:174,0
DA:175,0
DA:176,0
DA:177,0
DA:178,0
DA:181,0
DA:182,0
DA:185,0
DA:186,0
DA:188,0
DA:193,0
LF:75
LH:0
BRDA:11,0,0,0
BRDA:11,0,1,0
BRDA:12,1,0,0
BRDA:12,1,1,0
BRDA:19,2,0,0
BRDA:19,2,1,0
BRDA:23,3,0,0
BRDA:23,3,1,0
BRDA:41,4,0,0
BRDA:41,4,1,0
BRDA:46,5,0,0
BRDA:46,5,1,0
BRDA:46,6,0,0
BRDA:46,6,1,0
BRDA:50,7,0,0
BRDA:50,7,1,0
BRDA:50,8,0,0
BRDA:50,8,1,0
BRDA:74,9,0,0
BRDA:74,9,1,0
BRDA:106,10,0,0
BRDA:106,10,1,0
BRDA:121,11,0,0
BRDA:121,11,1,0
BRDA:133,12,0,0
BRDA:133,12,1,0
BRDA:148,13,0,0
BRDA:148,13,1,0
BRDA:159,14,0,0
BRDA:159,14,1,0
BRDA:175,15,0,0
BRDA:175,15,1,0
BRDA:177,16,0,0
BRDA:177,16,1,0
BRDA:181,17,0,0
BRDA:181,17,1,0
BRF:36
BRH:0
end_of_record
TN:
SF:controllers/UserController.js
FN:5,(anonymous_0)
FN:22,(anonymous_1)
FN:43,(anonymous_2)
FN:67,(anonymous_3)
FNF:4
FNH:0
FNDA:0,(anonymous_0)
FNDA:0,(anonymous_1)
FNDA:0,(anonymous_2)
FNDA:0,(anonymous_3)
DA:1,0
DA:2,0
DA:6,0
DA:7,0
DA:9,0
DA:16,0
DA:18,0
DA:23,0
DA:24,0
DA:27,0
DA:28,0
DA:31,0
DA:33,0
DA:34,0
DA:37,0
DA:39,0
DA:44,0
DA:45,0
DA:48,0
DA:49,0
DA:52,0
DA:54,0
DA:55,0
DA:61,0
DA:63,0
DA:68,0
DA:69,0
DA:71,0
DA:73,0
DA:74,0
DA:77,0
DA:79,0
DA:84,0
LF:33
LH:0
BRDA:10,0,0,0
BRDA:10,0,1,0
BRDA:11,1,0,0
BRDA:11,1,1,0
BRDA:27,2,0,0
BRDA:27,2,1,0
BRDA:27,3,0,0
BRDA:27,3,1,0
BRDA:33,4,0,0
BRDA:33,4,1,0
BRDA:48,5,0,0
BRDA:48,5,1,0
BRDA:48,6,0,0
BRDA:48,6,1,0
BRDA:54,7,0,0
BRDA:54,7,1,0
BRDA:73,8,0,0
BRDA:73,8,1,0
BRF:18
BRH:0
end_of_record
TN:
SF:middleware/auth.js
FN:7,(anonymous_0)
FN:56,(anonymous_1)
FN:57,(anonymous_2)
FN:91,(anonymous_3)
FNF:4
FNH:0
FNDA:0,(anonymous_0)
FNDA:0,(anonymous_1)
FNDA:0,(anonymous_2)
FNDA:0,(anonymous_3)
DA:1,0
DA:2,0
DA:7,0
DA:8,0
DA:9,0
DA:11,0
DA:12,0
DA:16,0
DA:21,0
DA:23,0
DA:24,0
DA:28,0
DA:33,0
DA:34,0
DA:36,0
DA:41,0
DA:43,0
DA:47,0
DA:56,0
DA:57,0
DA:58,0
DA:59,0
DA:63,0
DA:68,0
DA:69,0
DA:74,0
DA:79,0
DA:84,0
DA:91,0
DA:92,0
DA:93,0
DA:95,0
DA:96,0
DA:97,0
DA:98,0
DA:99,0
DA:106,0
DA:109,0
LF:38
LH:0
BRDA:11,0,0,0
BRDA:11,0,1,0
BRDA:23,1,0,0
BRDA:23,1,1,0
BRDA:58,2,0,0
BRDA:58,2,1,0
BRDA:68,3,0,0
BRDA:68,3,1,0
BRDA:95,4,0,0
BRDA:95,4,1,0
BRDA:97,5,0,0
BRDA:97,5,1,0
BRF:12
BRH:0
end_of_record
TN:
SF:middleware/auth.middleware.js
FN:4,(anonymous_0)
FNF:1
FNH:1
FNDA:5,(anonymous_0)
DA:1,1
DA:2,1
DA:4,1
DA:5,5
DA:6,5
DA:8,5
DA:9,0
DA:12,5
DA:13,5
DA:14,0
DA:15,0
DA:17,5
DA:21,1
LF:13
LH:10
BRDA:2,0,0,1
BRDA:2,0,1,1
BRDA:6,1,0,5
BRDA:6,1,1,5
BRDA:8,2,0,0
BRDA:8,2,1,5
BRF:6
BRH:5
end_of_record
TN:
SF:middleware/errorHandler.js
FN:6,(anonymous_0)
FN:21,(anonymous_1)
FN:59,(anonymous_2)
FNF:3
FNH:0
FNDA:0,(anonymous_0)
FNDA:0,(anonymous_1)
FNDA:0,(anonymous_2)
DA:1,0
DA:6,0
DA:8,0
DA:18,0
DA:19,0
DA:21,0
DA:26,0
DA:27,0
DA:34,0
DA:35,0
DA:40,0
DA:41,0
DA:47,0
DA:48,0
DA:50,0
DA:59,0
DA:60,0
DA:66,0
DA:72,0
LF:19
LH:0
BRDA:18,0,0,0
BRDA:18,0,1,0
BRDA:26,1,0,0
BRDA:26,1,1,0
BRDA:34,2,0,0
BRDA:34,2,1,0
BRDA:40,3,0,0
BRDA:40,3,1,0
BRDA:47,4,0,0
BRDA:47,4,1,0
BRDA:48,5,0,0
BRDA:48,5,1,0
BRDA:52,6,0,0
BRDA:52,6,1,0
BRF:14
BRH:0
end_of_record
TN:
SF:middleware/errorHandler.middleware.js
FN:1,(anonymous_0)
FNF:1
FNH:0
FNDA:0,(anonymous_0)
DA:1,0
DA:4,0
DA:5,0
DA:7,0
DA:13,0
LF:5
LH:0
BRDA:4,0,0,0
BRDA:4,0,1,0
BRDA:5,1,0,0
BRDA:5,1,1,0
BRF:4
BRH:0
end_of_record
TN:
SF:middleware/rateLimit.middleware.js
FNF:0
FNH:0
DA:1,0
DA:3,0
DA:9,0
DA:15,0
LF:4
LH:0
BRF:0
BRH:0
end_of_record
TN:
SF:middleware/validation.js
FN:6,(anonymous_0)
FN:11,(anonymous_1)
FN:25,(anonymous_2)
FNF:3
FNH:0
FNDA:0,(anonymous_0)
FNDA:0,(anonymous_1)
FNDA:0,(anonymous_2)
DA:1,0
DA:6,0
DA:7,0
DA:9,0
DA:10,0
DA:11,0
DA:19,0
DA:25,0
DA:26,0
DA:27,0
DA:33,0
DA:61,0
DA:75,0
DA:116,0
DA:143,0
DA:159,0
DA:169,0
DA:181,0
LF:18
LH:0
BRDA:9,0,0,0
BRDA:9,0,1,0
BRDA:26,1,0,0
BRDA:26,1,1,0
BRF:4
BRH:0
end_of_record
TN:
SF:middleware/validation.middleware.js
FN:1,(anonymous_0)
FN:2,(anonymous_1)
FN:8,(anonymous_2)
FNF:3
FNH:0
FNDA:0,(anonymous_0)
FNDA:0,(anonymous_1)
FNDA:0,(anonymous_2)
DA:1,0
DA:2,0
DA:3,0
DA:5,0
DA:6,0
DA:8,0
DA:12,0
DA:13,0
DA:17,0
LF:9
LH:0
BRDA:5,0,0,0
BRDA:5,0,1,0
BRF:2
BRH:0
end_of_record
TN:
SF:models/Lift.js
FN:18,(anonymous_0)
FN:19,(anonymous_1)
FN:22,(anonymous_2)
FN:31,(anonymous_3)
FNF:4
FNH:0
FNDA:0,(anonymous_0)
FNDA:0,(anonymous_1)
FNDA:0,(anonymous_2)
FNDA:0,(anonymous_3)
DA:1,0
DA:4,0
DA:6,0
DA:18,0
DA:19,0
DA:23,0
DA:24,0
DA:25,0
DA:26,0
DA:28,0
DA:32,0
DA:34,0
DA:35,0
DA:36,0
DA:40,0
DA:41,0
DA:42,0
DA:46,0
DA:47,0
DA:50,0
DA:51,0
DA:54,0
DA:55,0
DA:56,0
DA:57,0
DA:61,0
DA:65,0
LF:27
LH:0
BRDA:24,0,0,0
BRDA:24,0,1,0
BRDA:31,1,0,0
BRDA:34,2,0,0
BRDA:34,2,1,0
BRDA:34,3,0,0
BRDA:34,3,1,0
BRDA:35,4,0,0
BRDA:35,4,1,0
BRDA:35,5,0,0
BRDA:35,5,1,0
BRDA:40,6,0,0
BRDA:40,6,1,0
BRDA:40,7,0,0
BRDA:40,7,1,0
BRDA:41,8,0,0
BRDA:41,8,1,0
BRDA:46,9,0,0
BRDA:46,9,1,0
BRDA:46,10,0,0
BRDA:46,10,1,0
BRDA:46,10,2,0
BRDA:50,11,0,0
BRDA:50,11,1,0
BRDA:50,12,0,0
BRDA:50,12,1,0
BRDA:50,12,2,0
BRDA:54,13,0,0
BRDA:54,13,1,0
BRDA:56,14,0,0
BRDA:56,14,1,0
BRF:31
BRH:0
end_of_record
TN:
SF:models/Request.js
FN:17,(anonymous_0)
FN:18,(anonymous_1)
FN:22,(anonymous_2)
FN:40,(anonymous_3)
FNF:4
FNH:0
FNDA:0,(anonymous_0)
FNDA:0,(anonymous_1)
FNDA:0,(anonymous_2)
FNDA:0,(anonymous_3)
DA:1,0
DA:4,0
DA:6,0
DA:17,0
DA:18,0
DA:23,0
DA:24,0
DA:25,0
DA:26,0
DA:28,0
DA:29,0
DA:31,0
DA:32,0
DA:34,0
DA:35,0
DA:37,0
DA:41,0
DA:43,0
DA:44,0
DA:45,0
DA:49,0
DA:50,0
DA:51,0
DA:53,0
DA:54,0
DA:58,0
DA:59,0
DA:60,0
DA:61,0
DA:65,0
DA:66,0
DA:67,0
DA:68,0
DA:72,0
DA:73,0
DA:74,0
DA:75,0
DA:79,0
DA:83,0
LF:39
LH:0
BRDA:24,0,0,0
BRDA:24,0,1,0
BRDA:28,1,0,0
BRDA:28,1,1,0
BRDA:31,2,0,0
BRDA:31,2,1,0
BRDA:34,3,0,0
BRDA:34,3,1,0
BRDA:40,4,0,0
BRDA:43,5,0,0
BRDA:43,5,1,0
BRDA:43,6,0,0
BRDA:43,6,1,0
BRDA:44,7,0,0
BRDA:44,7,1,0
BRDA:49,8,0,0
BRDA:49,8,1,0
BRDA:49,9,0,0
BRDA:49,9,1,0
BRDA:50,10,0,0
BRDA:50,10,1,0
BRDA:50,11,0,0
BRDA:50,11,1,0
BRDA:53,12,0,0
BRDA:53,12,1,0
BRDA:53,13,0,0
BRDA:53,13,1,0
BRDA:58,14,0,0
BRDA:58,14,1,0
BRDA:60,15,0,0
BRDA:60,15,1,0
BRDA:65,16,0,0
BRDA:65,16,1,0
BRDA:67,17,0,0
BRDA:67,17,1,0
BRDA:72,18,0,0
BRDA:72,18,1,0
BRDA:74,19,0,0
BRDA:74,19,1,0
BRF:39
BRH:0
end_of_record
TN:
SF:models/User.js
FN:12,(anonymous_0)
FN:13,(anonymous_1)
FN:17,(anonymous_2)
FN:27,(anonymous_3)
FNF:4
FNH:0
FNDA:0,(anonymous_0)
FNDA:0,(anonymous_1)
FNDA:0,(anonymous_2)
FNDA:0,(anonymous_3)
DA:1,0
DA:4,0
DA:6,0
DA:12,0
DA:13,0
DA:18,0
DA:19,0
DA:20,0
DA:21,0
DA:22,0
DA:24,0
DA:28,0
DA:30,0
DA:31,0
DA:32,0
DA:36,0
DA:37,0
DA:40,0
DA:41,0
DA:44,0
DA:45,0
DA:46,0
DA:50,0
DA:51,0
DA:52,0
DA:53,0
DA:57,0
DA:61,0
LF:28
LH:0
BRDA:20,0,0,0
BRDA:20,0,1,0
BRDA:27,1,0,0
BRDA:30,2,0,0
BRDA:30,2,1,0
BRDA:30,3,0,0
BRDA:30,3,1,0
BRDA:31,4,0,0
BRDA:31,4,1,0
BRDA:31,5,0,0
BRDA:31,5,1,0
BRDA:36,6,0,0
BRDA:36,6,1,0
BRDA:36,7,0,0
BRDA:36,7,1,0
BRDA:40,8,0,0
BRDA:40,8,1,0
BRDA:40,9,0,0
BRDA:40,9,1,0
BRDA:44,10,0,0
BRDA:44,10,1,0
BRDA:44,11,0,0
BRDA:44,11,1,0
BRDA:45,12,0,0
BRDA:45,12,1,0
BRDA:45,13,0,0
BRDA:45,13,1,0
BRDA:50,14,0,0
BRDA:50,14,1,0
BRDA:50,15,0,0
BRDA:50,15,1,0
BRDA:52,16,0,0
BRDA:52,16,1,0
BRDA:52,17,0,0
BRDA:52,17,1,0
BRF:35
BRH:0
end_of_record
TN:
SF:models/assignment-schema.js
FNF:0
FNH:0
DA:6,0
DA:11,0
DA:143,0
DA:158,0
DA:172,0
DA:186,0
LF:6
LH:0
BRF:0
BRH:0
end_of_record
TN:
SF:models/chat-schema.js
FN:10,(anonymous_0)
FN:28,(anonymous_1)
FNF:2
FNH:0
FNDA:0,(anonymous_0)
FNDA:0,(anonymous_1)
DA:1,0
DA:6,0
DA:11,0
DA:29,0
DA:157,0
DA:287,0
DA:321,0
DA:373,0
DA:480,0
DA:481,0
DA:482,0
DA:483,0
DA:485,0
DA:486,0
DA:487,0
DA:489,0
DA:490,0
DA:493,0
DA:494,0
DA:495,0
DA:496,0
DA:497,0
DA:499,0
LF:23
LH:0
BRDA:11,0,0,0
BRDA:11,0,1,0
BRF:2
BRH:0
end_of_record
TN:
SF:models/qr-schema.js
FNF:0
FNH:0
DA:5,0
DA:10,0
DA:86,0
DA:136,0
LF:4
LH:0
BRF:0
BRH:0
end_of_record
TN:
SF:routes/auth.routes.js
FNF:0
FNH:0
DA:1,0
DA:2,0
DA:3,0
DA:4,0
DA:5,0
DA:12,0
DA:19,0
DA:26,0
DA:33,0
DA:40,0
DA:42,0
LF:11
LH:0
BRF:0
BRH:0
end_of_record
TN:
SF:routes/index.js
FN:11,(anonymous_0)
FNF:1
FNH:0
FNDA:0,(anonymous_0)
DA:1,0
DA:2,0
DA:5,0
DA:6,0
DA:7,0
DA:8,0
DA:11,0
DA:12,0
DA:21,0
DA:22,0
DA:23,0
DA:24,0
DA:26,0
LF:13
LH:0
BRDA:16,0,0,0
BRDA:16,0,1,0
BRF:2
BRH:0
end_of_record
TN:
SF:routes/lift.routes.js
FNF:0
FNH:0
DA:1,0
DA:2,0
DA:3,0
DA:4,0
DA:9,0
DA:16,0
DA:28,0
DA:40,0
DA:52,0
DA:65,0
DA:78,0
DA:91,0
DA:99,0
LF:13
LH:0
BRF:0
BRH:0
end_of_record
TN:
SF:routes/lifts.routes.js
FN:5,(anonymous_0)
FN:13,(anonymous_1)
FN:21,(anonymous_2)
FN:30,(anonymous_3)
FN:38,(anonymous_4)
FNF:5
FNH:0
FNDA:0,(anonymous_0)
FNDA:0,(anonymous_1)
FNDA:0,(anonymous_2)
FNDA:0,(anonymous_3)
FNDA:0,(anonymous_4)
DA:1,1
DA:2,1
DA:3,1
DA:5,1
DA:6,0
DA:7,0
DA:9,0
DA:13,1
DA:14,0
DA:15,0
DA:17,0
DA:21,1
DA:22,0
DA:23,0
DA:24,0
DA:26,0
DA:30,1
DA:31,0
DA:32,0
DA:34,0
DA:38,1
DA:39,0
DA:40,0
DA:42,0
DA:46,1
LF:25
LH:9
BRF:0
BRH:0
end_of_record
TN:
SF:routes/monitoring.routes.js
FN:5,(anonymous_0)
FN:14,(anonymous_1)
FN:22,(anonymous_2)
FN:30,(anonymous_3)
FNF:4
FNH:0
FNDA:0,(anonymous_0)
FNDA:0,(anonymous_1)
FNDA:0,(anonymous_2)
FNDA:0,(anonymous_3)
DA:1,0
DA:2,0
DA:3,0
DA:5,0
DA:6,0
DA:7,0
DA:8,0
DA:10,0
DA:14,0
DA:15,0
DA:16,0
DA:18,0
DA:22,0
DA:23,0
DA:24,0
DA:26,0
DA:30,0
DA:31,0
DA:32,0
DA:34,0
DA:38,0
LF:21
LH:0
BRF:0
BRH:0
end_of_record
TN:
SF:routes/request.routes.js
FNF:0
FNH:0
DA:1,0
DA:2,0
DA:3,0
DA:4,0
DA:10,0
DA:17,0
DA:29,0
DA:40,0
DA:52,0
DA:64,0
DA:78,0
DA:91,0
DA:98,0
LF:13
LH:0
BRF:0
BRH:0
end_of_record
TN:
SF:routes/user.routes.js
FNF:0
FNH:0
DA:1,0
DA:2,0
DA:3,0
DA:4,0
DA:5,0
DA:12,0
DA:25,0
DA:37,0
DA:49,0
DA:57,0
LF:10
LH:0
BRF:0
BRH:0
end_of_record
TN:
SF:services/LiftService.js
FN:8,(anonymous_0)
FN:12,(anonymous_1)
FN:22,(anonymous_2)
FN:57,(anonymous_3)
FN:67,(anonymous_4)
FN:99,(anonymous_5)
FN:126,(anonymous_6)
FN:143,(anonymous_7)
FN:180,(anonymous_8)
FN:191,(anonymous_9)
FNF:10
FNH:0
FNDA:0,(anonymous_0)
FNDA:0,(anonymous_1)
FNDA:0,(anonymous_2)
FNDA:0,(anonymous_3)
FNDA:0,(anonymous_4)
FNDA:0,(anonymous_5)
FNDA:0,(anonymous_6)
FNDA:0,(anonymous_7)
FNDA:0,(anonymous_8)
FNDA:0,(anonymous_9)
DA:1,0
DA:2,0
DA:3,0
DA:4,0
DA:5,0
DA:9,0
DA:13,0
DA:16,0
DA:17,0
DA:18,0
DA:19,0
DA:23,0
DA:24,0
DA:25,0
DA:26,0
DA:30,0
DA:35,0
DA:36,0
DA:39,0
DA:46,0
DA:48,0
DA:50,0
DA:52,0
DA:53,0
DA:58,0
DA:59,0
DA:60,0
DA:62,0
DA:63,0
DA:68,0
DA:69,0
DA:70,0
DA:72,0
DA:73,0
DA:74,0
DA:75,0
DA:82,0
DA:87,0
DA:94,0
DA:95,0
DA:100,0
DA:101,0
DA:102,0
DA:103,0
DA:106,0
DA:108,0
DA:113,0
DA:114,0
DA:117,0
DA:119,0
DA:121,0
DA:122,0
DA:127,0
DA:128,0
DA:130,0
DA:131,0
DA:134,0
DA:136,0
DA:138,0
DA:139,0
DA:144,0
DA:145,0
DA:146,0
DA:147,0
DA:151,0
DA:159,0
DA:166,0
DA:171,0
DA:173,0
DA:175,0
DA:176,0
DA:181,0
DA:182,0
DA:189,0
DA:192,0
DA:193,0
DA:197,0
DA:199,0
DA:200,0
DA:205,0
LF:80
LH:0
BRDA:25,0,0,0
BRDA:25,0,1,0
BRDA:35,1,0,0
BRDA:35,1,1,0
BRDA:41,2,0,0
BRDA:41,2,1,0
BRDA:60,3,0,0
BRDA:60,3,1,0
BRDA:67,4,0,0
BRDA:67,5,0,0
BRDA:72,6,0,0
BRDA:72,6,1,0
BRDA:73,7,0,0
BRDA:73,7,1,0
BRDA:74,8,0,0
BRDA:74,8,1,0
BRDA:102,9,0,0
BRDA:102,9,1,0
BRDA:113,10,0,0
BRDA:113,10,1,0
BRDA:130,11,0,0
BRDA:130,11,1,0
BRDA:146,12,0,0
BRDA:146,12,1,0
BRDA:155,13,0,0
BRDA:155,13,1,0
BRF:26
BRH:0
end_of_record
TN:
SF:services/RequestService.js
FN:7,(anonymous_0)
FN:11,(anonymous_1)
FN:24,(anonymous_2)
FN:60,(anonymous_3)
FN:70,(anonymous_4)
FN:99,(anonymous_5)
FN:143,(anonymous_6)
FN:176,(anonymous_7)
FN:205,(anonymous_8)
FN:229,(anonymous_9)
FN:233,(anonymous_10)
FN:237,(anonymous_11)
FNF:12
FNH:0
FNDA:0,(anonymous_0)
FNDA:0,(anonymous_1)
FNDA:0,(anonymous_2)
FNDA:0,(anonymous_3)
FNDA:0,(anonymous_4)
FNDA:0,(anonymous_5)
FNDA:0,(anonymous_6)
FNDA:0,(anonymous_7)
FNDA:0,(anonymous_8)
FNDA:0,(anonymous_9)
FNDA:0,(anonymous_10)
FNDA:0,(anonymous_11)
DA:1,0
DA:2,0
DA:3,0
DA:4,0
DA:8,0
DA:12,0
DA:15,0
DA:16,0
DA:17,0
DA:18,0
DA:19,0
DA:20,0
DA:21,0
DA:25,0
DA:26,0
DA:27,0
DA:28,0
DA:31,0
DA:45,0
DA:47,0
DA:53,0
DA:55,0
DA:56,0
DA:61,0
DA:62,0
DA:63,0
DA:65,0
DA:66,0
DA:71,0
DA:72,0
DA:73,0
DA:75,0
DA:76,0
DA:77,0
DA:78,0
DA:79,0
DA:80,0
DA:82,0
DA:87,0
DA:94,0
DA:95,0
DA:100,0
DA:101,0
DA:102,0
DA:103,0
DA:106,0
DA:111,0
DA:112,0
DA:116,0
DA:122,0
DA:130,0
DA:131,0
DA:134,0
DA:136,0
DA:138,0
DA:139,0
DA:144,0
DA:145,0
DA:163,0
DA:164,0
DA:167,0
DA:169,0
DA:171,0
DA:172,0
DA:177,0
DA:178,0
DA:184,0
DA:192,0
DA:193,0
DA:196,0
DA:198,0
DA:200,0
DA:201,0
DA:206,0
DA:207,0
DA:208,0
DA:209,0
DA:211,0
DA:227,0
DA:230,0
DA:231,0
DA:234,0
DA:235,0
DA:238,0
DA:239,0
DA:243,0
DA:244,0
DA:249,0
LF:88
LH:0
BRDA:27,0,0,0
BRDA:27,0,1,0
BRDA:35,1,0,0
BRDA:35,1,1,0
BRDA:36,2,0,0
BRDA:36,2,1,0
BRDA:37,3,0,0
BRDA:37,3,1,0
BRDA:38,4,0,0
BRDA:38,4,1,0
BRDA:63,5,0,0
BRDA:63,5,1,0
BRDA:70,6,0,0
BRDA:70,7,0,0
BRDA:75,8,0,0
BRDA:75,8,1,0
BRDA:76,9,0,0
BRDA:76,9,1,0
BRDA:77,10,0,0
BRDA:77,10,1,0
BRDA:78,11,0,0
BRDA:78,11,1,0
BRDA:79,12,0,0
BRDA:79,12,1,0
BRDA:80,13,0,0
BRDA:80,13,1,0
BRDA:102,14,0,0
BRDA:102,14,1,0
BRDA:111,15,0,0
BRDA:111,15,1,0
BRDA:118,16,0,0
BRDA:118,16,1,0
BRDA:130,17,0,0
BRDA:130,17,1,0
BRDA:163,18,0,0
BRDA:163,18,1,0
BRDA:192,19,0,0
BRDA:192,19,1,0
BRDA:208,20,0,0
BRDA:208,20,1,0
BRDA:209,21,0,0
BRDA:209,21,1,0
BRF:42
BRH:0
end_of_record
TN:
SF:services/UserService.js
FN:9,(anonymous_0)
FN:13,(anonymous_1)
FN:21,(anonymous_2)
FN:56,(anonymous_3)
FN:99,(anonymous_4)
FN:109,(anonymous_5)
FN:139,(anonymous_6)
FN:170,(anonymous_7)
FNF:8
FNH:0
FNDA:0,(anonymous_0)
FNDA:0,(anonymous_1)
FNDA:0,(anonymous_2)
FNDA:0,(anonymous_3)
FNDA:0,(anonymous_4)
FNDA:0,(anonymous_5)
FNDA:0,(anonymous_6)
FNDA:0,(anonymous_7)
DA:1,0
DA:2,0
DA:3,0
DA:4,0
DA:5,0
DA:6,0
DA:10,0
DA:14,0
DA:17,0
DA:18,0
DA:22,0
DA:23,0
DA:24,0
DA:25,0
DA:29,0
DA:30,0
DA:31,0
DA:35,0
DA:37,0
DA:45,0
DA:47,0
DA:49,0
DA:51,0
DA:52,0
DA:57,0
DA:58,0
DA:60,0
DA:61,0
DA:62,0
DA:65,0
DA:67,0
DA:68,0
DA:69,0
DA:73,0
DA:79,0
DA:85,0
DA:87,0
DA:94,0
DA:95,0
DA:100,0
DA:101,0
DA:102,0
DA:104,0
DA:105,0
DA:110,0
DA:111,0
DA:112,0
DA:114,0
DA:115,0
DA:116,0
DA:122,0
DA:127,0
DA:134,0
DA:135,0
DA:140,0
DA:141,0
DA:142,0
DA:143,0
DA:146,0
DA:147,0
DA:150,0
DA:152,0
DA:157,0
DA:158,0
DA:161,0
DA:163,0
DA:165,0
DA:166,0
DA:171,0
DA:173,0
DA:178,0
DA:179,0
DA:182,0
DA:184,0
DA:186,0
DA:187,0
DA:192,0
LF:77
LH:0
BRDA:24,0,0,0
BRDA:24,0,1,0
BRDA:30,1,0,0
BRDA:30,1,1,0
BRDA:35,2,0,0
BRDA:35,2,1,0
BRDA:60,3,0,0
BRDA:60,3,1,0
BRDA:67,4,0,0
BRDA:67,4,1,0
BRDA:76,5,0,0
BRDA:76,5,1,0
BRDA:82,6,0,0
BRDA:82,6,1,0
BRDA:102,7,0,0
BRDA:102,7,1,0
BRDA:109,8,0,0
BRDA:109,9,0,0
BRDA:114,10,0,0
BRDA:114,10,1,0
BRDA:115,11,0,0
BRDA:115,11,1,0
BRDA:142,12,0,0
BRDA:142,12,1,0
BRDA:146,13,0,0
BRDA:146,13,1,0
BRDA:147,14,0,0
BRDA:147,14,1,0
BRDA:157,15,0,0
BRDA:157,15,1,0
BRDA:178,16,0,0
BRDA:178,16,1,0
BRF:32
BRH:0
end_of_record
TN:
SF:utils/logger.js
FN:30,(anonymous_0)
FN:47,(anonymous_1)
FN:48,(anonymous_2)
FN:49,(anonymous_3)
FN:50,(anonymous_4)
FN:51,(anonymous_5)
FNF:6
FNH:0
FNDA:0,(anonymous_0)
FNDA:0,(anonymous_1)
FNDA:0,(anonymous_2)
FNDA:0,(anonymous_3)
FNDA:0,(anonymous_4)
FNDA:0,(anonymous_5)
DA:1,0
DA:2,0
DA:3,0
DA:6,0
DA:7,0
DA:8,0
DA:12,0
DA:20,0
DA:30,0
DA:46,0
DA:47,0
DA:48,0
DA:49,0
DA:50,0
DA:51,0
DA:54,0
LF:16
LH:0
BRDA:7,0,0,0
BRDA:7,0,1,0
BRDA:21,1,0,0
BRDA:21,1,1,0
BRDA:47,2,0,0
BRDA:48,3,0,0
BRDA:49,4,0,0
BRDA:50,5,0,0
BRDA:51,6,0,0
BRF:9
BRH:0
end_of_record
